Log file open, 08/31/20 18:29:54
LogInit: Display: Running engine for game: BullCowGame
LogPlatformFile: Not using cached read wrapper
LogTaskGraph: Started task graph with 5 named threads and 23 total threads with 3 sets of task threads.
LogStats: Stats thread started at 1.133189
LogD3D11RHI: Loaded GFSDK_Aftermath_Lib.x64.dll
LogICUInternationalization: ICU TimeZone Detection - Raw Offset: -4:00, Platform Override: ''
LogPluginManager: Mounting plugin Paper2D
LogPluginManager: Mounting plugin AISupport
LogPluginManager: Mounting plugin LightPropagationVolume
LogPluginManager: Mounting plugin CameraShakePreviewer
LogPluginManager: Mounting plugin ActorLayerUtilities
LogPluginManager: Mounting plugin AnimationSharing
LogPluginManager: Mounting plugin CLionSourceCodeAccess
LogPluginManager: Mounting plugin CodeLiteSourceCodeAccess
LogPluginManager: Mounting plugin GitSourceControl
LogPluginManager: Mounting plugin KDevelopSourceCodeAccess
LogPluginManager: Mounting plugin NullSourceCodeAccess
LogPluginManager: Mounting plugin PerforceSourceControl
LogPluginManager: Mounting plugin PlasticSourceControl
LogPluginManager: Mounting plugin RiderSourceCodeAccess
LogPluginManager: Mounting plugin SubversionSourceControl
LogPluginManager: Mounting plugin UObjectPlugin
LogPluginManager: Mounting plugin VisualStudioCodeSourceCodeAccess
LogPluginManager: Mounting plugin VisualStudioSourceCodeAccess
LogPluginManager: Mounting plugin XCodeSourceCodeAccess
LogPluginManager: Mounting plugin AssetManagerEditor
LogPluginManager: Mounting plugin CryptoKeys
LogPluginManager: Mounting plugin CurveEditorTools
LogPluginManager: Mounting plugin DataValidation
LogPluginManager: Mounting plugin EditorScriptingUtilities
LogPluginManager: Mounting plugin FacialAnimation
LogPluginManager: Mounting plugin GameplayTagsEditor
LogPluginManager: Mounting plugin GeometryMode
LogPluginManager: Mounting plugin MacGraphicsSwitching
LogPluginManager: Mounting plugin MaterialAnalyzer
LogPluginManager: Mounting plugin MobileLauncherProfileWizard
LogPluginManager: Mounting plugin PluginBrowser
LogPluginManager: Mounting plugin SpeedTreeImporter
LogPluginManager: Mounting plugin DatasmithContent
LogPluginManager: Mounting plugin VariantManagerContent
LogPluginManager: Mounting plugin AlembicImporter
LogPluginManager: Mounting plugin AutomationUtils
LogPluginManager: Mounting plugin BackChannel
LogPluginManager: Mounting plugin ChaosCloth
LogPluginManager: Mounting plugin ChaosClothEditor
LogPluginManager: Mounting plugin ChaosEditor
LogPluginManager: Mounting plugin ChaosNiagara
LogPluginManager: Mounting plugin ChaosSolverPlugin
LogPluginManager: Mounting plugin CharacterAI
LogPluginManager: Mounting plugin GeometryCache
LogPluginManager: Mounting plugin GeometryCollectionPlugin
LogPluginManager: Mounting plugin GeometryProcessing
LogPluginManager: Mounting plugin PlanarCut
LogPluginManager: Mounting plugin PlatformCrypto
LogPluginManager: Mounting plugin ProxyLODPlugin
LogPluginManager: Mounting plugin SkeletalReduction
LogPluginManager: Mounting plugin Niagara
LogPluginManager: Mounting plugin MagicLeap
LogPluginManager: Mounting plugin MagicLeapLightEstimation
LogPluginManager: Mounting plugin MagicLeapMedia
LogPluginManager: Mounting plugin MagicLeapPassableWorld
LogPluginManager: Mounting plugin MLSDK
LogPluginManager: Mounting plugin AndroidMedia
LogPluginManager: Mounting plugin AvfMedia
LogPluginManager: Mounting plugin ImgMedia
LogPluginManager: Mounting plugin MediaCompositing
LogPluginManager: Mounting plugin MediaPlayerEditor
LogPluginManager: Mounting plugin WebMMedia
LogPluginManager: Mounting plugin WmfMedia
LogPluginManager: Mounting plugin MeshPainting
LogPluginManager: Mounting plugin TcpMessaging
LogPluginManager: Mounting plugin UdpMessaging
LogPluginManager: Mounting plugin ActorSequence
LogPluginManager: Mounting plugin LevelSequenceEditor
LogPluginManager: Mounting plugin MatineeToLevelSequence
LogPluginManager: Mounting plugin MovieRenderPipeline
LogPluginManager: Mounting plugin TemplateSequence
LogPluginManager: Mounting plugin NetcodeUnitTest
LogPluginManager: Mounting plugin NUTUnrealEngine4
LogPluginManager: Mounting plugin OnlineSubsystemGooglePlay
LogPluginManager: Mounting plugin OnlineSubsystemIOS
LogPluginManager: Mounting plugin OnlineSubsystem
LogPluginManager: Mounting plugin OnlineSubsystemNull
LogPluginManager: Mounting plugin OnlineSubsystemUtils
LogPluginManager: Mounting plugin LauncherChunkInstaller
LogPluginManager: Mounting plugin AndroidDeviceProfileSelector
LogPluginManager: Mounting plugin AndroidMoviePlayer
LogPluginManager: Mounting plugin AndroidPermission
LogPluginManager: Mounting plugin AppleImageUtils
LogPluginManager: Mounting plugin AppleMoviePlayer
LogPluginManager: Mounting plugin ArchVisCharacter
LogPluginManager: Mounting plugin AssetTags
LogPluginManager: Mounting plugin AudioCapture
LogPluginManager: Mounting plugin CableComponent
LogPluginManager: Mounting plugin CustomMeshComponent
LogPluginManager: Mounting plugin EditableMesh
LogPluginManager: Mounting plugin ExampleDeviceProfileSelector
LogPluginManager: Mounting plugin GoogleCloudMessaging
LogPluginManager: Mounting plugin GooglePAD
LogPluginManager: Mounting plugin IOSDeviceProfileSelector
LogPluginManager: Mounting plugin LinuxDeviceProfileSelector
LogPluginManager: Mounting plugin LocationServicesBPLibrary
LogPluginManager: Mounting plugin MobilePatchingUtils
LogPluginManager: Mounting plugin OculusVR
LogPluginManager: Mounting plugin PhysXVehicles
LogPluginManager: Mounting plugin PostSplashScreen
LogPluginManager: Mounting plugin ProceduralMeshComponent
LogPluginManager: Mounting plugin RuntimePhysXCooking
LogPluginManager: Mounting plugin SignificanceManager
LogPluginManager: Mounting plugin SoundFields
LogPluginManager: Mounting plugin SteamVR
LogPluginManager: Mounting plugin Synthesis
LogPluginManager: Mounting plugin WebMMoviePlayer
LogPluginManager: Mounting plugin WindowsMoviePlayer
LogPluginManager: Mounting plugin ScreenshotTools
LogInit: Warning: Incompatible or missing module: BullCowGame
Running C:/Program Files (x86)/Epic Games/UE_4.25/Engine/Binaries/DotNET/UnrealBuildTool.exe Development Win64 -Project="D:/Documents/repos/Games/UE4/UnrealCourse/Bull-Cow-Game/BullCowGame-starter-kit/BullCowGame.uproject" -TargetType=Editor -Progress -NoEngineChanges -NoHotReloadFromIDE
Using 'git status' to determine working set for adaptive non-unity build (D:\Documents\repos\Games\UE4\UnrealCourse\Bull-Cow-Game).
Creating makefile for BullCowGameEditor (no existing makefile)
@progress push 5%
Parsing headers for BullCowGameEditor
  Running UnrealHeaderTool "D:\Documents\repos\Games\UE4\UnrealCourse\Bull-Cow-Game\BullCowGame-starter-kit\BullCowGame.uproject" "D:\Documents\repos\Games\UE4\UnrealCourse\Bull-Cow-Game\BullCowGame-starter-kit\Intermediate\Build\Win64\BullCowGameEditor\Development\BullCowGameEditor.uhtmanifest" -LogCmds="loginit warning, logexit warning, logdatabase error" -Unattended -WarningsAsErrors -abslog="C:\Users\jordi\AppData\Local\UnrealBuildTool\Log_UHT.txt" -installed
Reflection code generated for BullCowGameEditor in 6,1665578 seconds
@progress pop
Building BullCowGameEditor...
Using Visual Studio 2019 14.25.28612 toolchain (C:\Program Files (x86)\Microsoft Visual Studio\2019\Community\VC\Tools\MSVC\14.25.28610) and Windows 10.0.18362.0 SDK (C:\Program Files (x86)\Windows Kits\10).
[Upgrade]
[Upgrade] Using backward-compatible build settings. The latest version of UE4 sets the following values by default, which may require code changes:
[Upgrade]     bLegacyPublicIncludePaths = false                 => Omits subfolders from public include paths to reduce compiler command line length. (Previously: true).
[Upgrade]     ShadowVariableWarningLevel = WarningLevel.Error   => Treats shadowed variable warnings as errors. (Previously: WarningLevel.Warning).
[Upgrade]     PCHUsage = PCHUsageMode.UseExplicitOrSharedPCHs   => Set in build.cs files to enables IWYU-style PCH model. See https://docs.unrealengine.com/en-US/Programming/BuildTools/UnrealBuildTool/IWYU/index.html. (Previously: PCHUsageMode.UseSharedPCHs).
[Upgrade] Suppress this message by setting 'DefaultBuildSettings = BuildSettingsVersion.V2;' in BullCowGameEditor.Target.cs, and explicitly overriding settings that differ from the new defaults.
[Upgrade]
Building 15 actions with 8 processes...
  @progress 'Compiling C++ source code...' 0%
  @progress 'Compiling C++ source code...' 7%
  [1/15] Default.rc2
  @progress 'Compiling C++ source code...' 13%
  [2/15] SharedPCH.Engine.cpp
  @progress 'Compiling C++ source code...' 20%
  [3/15] BullCowGame.cpp
  @progress 'Compiling C++ source code...' 27%
  [4/15] BullCowCartridge.cpp
  @progress 'Compiling C++ source code...' 33%
  [5/15] BullCowGame.init.gen.cpp
  @progress 'Compiling C++ source code...' 40%
  [6/15] Cartridge.gen.cpp
  @progress 'Compiling C++ source code...' 47%
  [7/15] BullCowCartridge.gen.cpp
  @progress 'Compiling C++ source code...' 53%
  [8/15] BullCowGameGameModeBase.cpp
  @progress 'Compiling C++ source code...' 60%
  [9/15] BullCowGameGameModeBase.gen.cpp
  @progress 'Compiling C++ source code...' 67%
  [10/15] Terminal.cpp
  @progress 'Compiling C++ source code...' 73%
  [11/15] Terminal.gen.cpp
  @progress 'Compiling C++ source code...' 80%
  [12/15] Cartridge.cpp
  @progress 'Compiling C++ source code...' 87%
  [13/15] UE4Editor-BullCowGame.lib
     Creando biblioteca D:\Documents\repos\Games\UE4\UnrealCourse\Bull-Cow-Game\BullCowGame-starter-kit\Intermediate\Build\Win64\UE4Editor\Development\BullCowGame\UE4Editor-BullCowGame.lib y objeto D:\Documents\repos\Games\UE4\UnrealCourse\Bull-Cow-Game\BullCowGame-starter-kit\Intermediate\Build\Win64\UE4Editor\Development\BullCowGame\UE4Editor-BullCowGame.exp
  @progress 'Compiling C++ source code...' 93%
  [14/15] UE4Editor-BullCowGame.dll
     Creando biblioteca D:\Documents\repos\Games\UE4\UnrealCourse\Bull-Cow-Game\BullCowGame-starter-kit\Intermediate\Build\Win64\UE4Editor\Development\BullCowGame\UE4Editor-BullCowGame.suppressed.lib y objeto D:\Documents\repos\Games\UE4\UnrealCourse\Bull-Cow-Game\BullCowGame-starter-kit\Intermediate\Build\Win64\UE4Editor\Development\BullCowGame\UE4Editor-BullCowGame.suppressed.exp
  @progress 'Compiling C++ source code...' 100%
  [15/15] BullCowGameEditor.target
Total time in Parallel executor: 41,45 seconds
Total execution time: 61,08 seconds
LogInit: Using libcurl 7.55.1-DEV
LogInit:  - built for x86_64-pc-win32
LogInit:  - supports SSL with OpenSSL/1.1.1
LogInit:  - supports HTTP deflate (compression) using libz 1.2.8
LogInit:  - other features:
LogInit:      CURL_VERSION_SSL
LogInit:      CURL_VERSION_LIBZ
LogInit:      CURL_VERSION_IPV6
LogInit:      CURL_VERSION_ASYNCHDNS
LogInit:      CURL_VERSION_LARGEFILE
LogInit:      CURL_VERSION_IDN
LogInit:  CurlRequestOptions (configurable via config and command line):
LogInit:  - bVerifyPeer = true  - Libcurl will verify peer certificate
LogInit:  - bUseHttpProxy = false  - Libcurl will NOT use HTTP proxy
LogInit:  - bDontReuseConnections = false  - Libcurl will reuse connections
LogInit:  - MaxHostConnections = 16  - Libcurl will limit the number of connections to a host
LogInit:  - LocalHostAddr = Default
LogInit:  - BufferSize = 65536
LogOnline: OSS: Creating online subsystem instance for: NULL
LogInit: WinSock: version 1.1 (2.2), MaxSocks=32767, MaxUdp=65467
LogOnline: OSS: TryLoadSubsystemAndSetDefault: Loaded subsystem for module [NULL]
LogInit: Build: ++UE4+Release-4.25-CL-13942748
LogInit: Engine Version: 4.25.3-13942748+++UE4+Release-4.25
LogInit: Compatible Engine Version: 4.25.0-13144385+++UE4+Release-4.25
LogInit: Net CL: 13144385
LogInit: OS: Windows 10 (Release 1909) (), CPU: Intel(R) Core(TM) i7-7700HQ CPU @ 2.80GHz, GPU: Intel(R) HD Graphics 630
LogInit: Compiled (64-bit): Jul 25 2020 02:07:48
LogInit: Compiled with Visual C++: 19.24.28315.00
LogInit: Build Configuration: Development
LogInit: Branch Name: ++UE4+Release-4.25
LogInit: Command Line: 
LogInit: Base Directory: C:/Program Files (x86)/Epic Games/UE_4.25/Engine/Binaries/Win64/
LogInit: Allocator: TBB
LogInit: Installed Engine Build: 1
LogDevObjectVersion: Number of dev versions registered: 26
LogDevObjectVersion:   Dev-Blueprints (B0D832E4-1F89-4F0D-ACCF-7EB736FD4AA2): 10
LogDevObjectVersion:   Dev-Build (E1C64328-A22C-4D53-A36C-8E866417BD8C): 0
LogDevObjectVersion:   Dev-Core (375EC13C-06E4-48FB-B500-84F0262A717E): 4
LogDevObjectVersion:   Dev-Editor (E4B068ED-F494-42E9-A231-DA0B2E46BB41): 38
LogDevObjectVersion:   Dev-Framework (CFFC743F-43B0-4480-9391-14DF171D2073): 37
LogDevObjectVersion:   Dev-Mobile (B02B49B5-BB20-44E9-A304-32B752E40360): 2
LogDevObjectVersion:   Dev-Networking (A4E4105C-59A1-49B5-A7C5-40C4547EDFEE): 0
LogDevObjectVersion:   Dev-Online (39C831C9-5AE6-47DC-9A44-9C173E1C8E7C): 0
LogDevObjectVersion:   Dev-Physics (78F01B33-EBEA-4F98-B9B4-84EACCB95AA2): 4
LogDevObjectVersion:   Dev-Platform (6631380F-2D4D-43E0-8009-CF276956A95A): 0
LogDevObjectVersion:   Dev-Rendering (12F88B9F-8875-4AFC-A67C-D90C383ABD29): 43
LogDevObjectVersion:   Dev-Sequencer (7B5AE74C-D270-4C10-A958-57980B212A5A): 12
LogDevObjectVersion:   Dev-VR (D7296918-1DD6-4BDD-9DE2-64A83CC13884): 3
LogDevObjectVersion:   Dev-LoadTimes (C2A15278-BFE7-4AFE-6C17-90FF531DF755): 1
LogDevObjectVersion:   Private-Geometry (6EACA3D4-40EC-4CC1-B786-8BED09428FC5): 3
LogDevObjectVersion:   Dev-AnimPhys (29E575DD-E0A3-4627-9D10-D276232CDCEA): 17
LogDevObjectVersion:   Dev-Anim (AF43A65D-7FD3-4947-9873-3E8ED9C1BB05): 7
LogDevObjectVersion:   Dev-ReflectionCapture (6B266CEC-1EC7-4B8F-A30B-E4D90942FC07): 1
LogDevObjectVersion:   Dev-Automation (0DF73D61-A23F-47EA-B727-89E90C41499A): 1
LogDevObjectVersion:   FortniteMain (601D1886-AC64-4F84-AA16-D3DE0DEAC7D6): 31
LogDevObjectVersion:   Dev-Enterprise (9DFFBCD6-494F-0158-E221-12823C92A888): 10
LogDevObjectVersion:   Dev-Niagara (F2AED0AC-9AFE-416F-8664-AA7FFA26D6FC): 1
LogDevObjectVersion:   Dev-Destruction (174F1F0B-B4C6-45A5-B13F-2EE8D0FB917D): 10
LogDevObjectVersion:   Dev-Physics-Ext (35F94A83-E258-406C-A318-09F59610247C): 37
LogDevObjectVersion:   Dev-PhysicsMaterial-Chaos (B68FC16E-8B1B-42E2-B453-215C058844FE): 1
LogDevObjectVersion:   Dev-CineCamera (B2E18506-4273-CFC2-A54E-F4BB758BBA07): 1
LogInit: Presizing for max 25165824 objects, including 0 objects not considered by GC, pre-allocating 0 bytes for permanent pool.
LogConfig: Applying CVar settings from Section [/Script/Engine.StreamingSettings] File [D:/Documents/repos/Games/UE4/UnrealCourse/Bull-Cow-Game/BullCowGame-starter-kit/Saved/Config/Windows/Engine.ini]
LogConfig: Setting CVar [[s.MinBulkDataSizeForAsyncLoading:131072]]
LogConfig: Setting CVar [[s.AsyncLoadingThreadEnabled:0]]
LogConfig: Setting CVar [[s.EventDrivenLoaderEnabled:1]]
LogConfig: Setting CVar [[s.WarnIfTimeLimitExceeded:0]]
LogConfig: Setting CVar [[s.TimeLimitExceededMultiplier:1.5]]
LogConfig: Setting CVar [[s.TimeLimitExceededMinTime:0.005]]
LogConfig: Setting CVar [[s.UseBackgroundLevelStreaming:1]]
LogConfig: Setting CVar [[s.PriorityAsyncLoadingExtraTime:15.0]]
LogConfig: Setting CVar [[s.LevelStreamingActorsUpdateTimeLimit:5.0]]
LogConfig: Setting CVar [[s.PriorityLevelStreamingActorsUpdateExtraTime:5.0]]
LogConfig: Setting CVar [[s.LevelStreamingComponentsRegistrationGranularity:10]]
LogConfig: Setting CVar [[s.UnregisterComponentsTimeLimit:1.0]]
LogConfig: Setting CVar [[s.LevelStreamingComponentsUnregistrationGranularity:5]]
LogConfig: Setting CVar [[s.FlushStreamingOnExit:1]]
LogInit: Object subsystem initialized
LogConfig: Setting CVar [[con.DebugEarlyDefault:1]]
LogConfig: Setting CVar [[r.setres:1280x720]]
[2020.08.31-22.31.00:761][  0]LogConfig: Setting CVar [[r.VSync:0]]
[2020.08.31-22.31.00:761][  0]LogConfig: Setting CVar [[r.RHICmdBypass:0]]
[2020.08.31-22.31.00:763][  0]LogConfig: Applying CVar settings from Section [/Script/Engine.RendererSettings] File [D:/Documents/repos/Games/UE4/UnrealCourse/Bull-Cow-Game/BullCowGame-starter-kit/Saved/Config/Windows/Engine.ini]
[2020.08.31-22.31.00:763][  0]LogConfig: Setting CVar [[r.GPUCrashDebugging:0]]
[2020.08.31-22.31.00:763][  0]LogConfig: Setting CVar [[r.DefaultFeature.AutoExposure.ExtendDefaultLuminanceRange:1]]
[2020.08.31-22.31.00:763][  0]LogConfig: Applying CVar settings from Section [/Script/Engine.RendererOverrideSettings] File [D:/Documents/repos/Games/UE4/UnrealCourse/Bull-Cow-Game/BullCowGame-starter-kit/Saved/Config/Windows/Engine.ini]
[2020.08.31-22.31.00:763][  0]LogConfig: Applying CVar settings from Section [/Script/Engine.StreamingSettings] File [D:/Documents/repos/Games/UE4/UnrealCourse/Bull-Cow-Game/BullCowGame-starter-kit/Saved/Config/Windows/Engine.ini]
[2020.08.31-22.31.00:763][  0]LogConfig: Setting CVar [[s.MinBulkDataSizeForAsyncLoading:131072]]
[2020.08.31-22.31.00:763][  0]LogConfig: Setting CVar [[s.AsyncLoadingThreadEnabled:0]]
[2020.08.31-22.31.00:763][  0]LogConfig: Setting CVar [[s.EventDrivenLoaderEnabled:1]]
[2020.08.31-22.31.00:763][  0]LogConfig: Setting CVar [[s.WarnIfTimeLimitExceeded:0]]
[2020.08.31-22.31.00:763][  0]LogConfig: Setting CVar [[s.TimeLimitExceededMultiplier:1.5]]
[2020.08.31-22.31.00:763][  0]LogConfig: Setting CVar [[s.TimeLimitExceededMinTime:0.005]]
[2020.08.31-22.31.00:763][  0]LogConfig: Setting CVar [[s.UseBackgroundLevelStreaming:1]]
[2020.08.31-22.31.00:763][  0]LogConfig: Setting CVar [[s.PriorityAsyncLoadingExtraTime:15.0]]
[2020.08.31-22.31.00:763][  0]LogConfig: Setting CVar [[s.LevelStreamingActorsUpdateTimeLimit:5.0]]
[2020.08.31-22.31.00:763][  0]LogConfig: Setting CVar [[s.PriorityLevelStreamingActorsUpdateExtraTime:5.0]]
[2020.08.31-22.31.00:763][  0]LogConfig: Setting CVar [[s.LevelStreamingComponentsRegistrationGranularity:10]]
[2020.08.31-22.31.00:763][  0]LogConfig: Setting CVar [[s.UnregisterComponentsTimeLimit:1.0]]
[2020.08.31-22.31.00:763][  0]LogConfig: Setting CVar [[s.LevelStreamingComponentsUnregistrationGranularity:5]]
[2020.08.31-22.31.00:763][  0]LogConfig: Setting CVar [[s.FlushStreamingOnExit:1]]
[2020.08.31-22.31.00:763][  0]LogConfig: Applying CVar settings from Section [/Script/Engine.GarbageCollectionSettings] File [D:/Documents/repos/Games/UE4/UnrealCourse/Bull-Cow-Game/BullCowGame-starter-kit/Saved/Config/Windows/Engine.ini]
[2020.08.31-22.31.00:763][  0]LogConfig: Setting CVar [[gc.MaxObjectsNotConsideredByGC:1]]
[2020.08.31-22.31.00:763][  0]LogConfig: Setting CVar [[gc.SizeOfPermanentObjectPool:0]]
[2020.08.31-22.31.00:763][  0]LogConfig: Setting CVar [[gc.FlushStreamingOnGC:0]]
[2020.08.31-22.31.00:763][  0]LogConfig: Setting CVar [[gc.NumRetriesBeforeForcingGC:10]]
[2020.08.31-22.31.00:763][  0]LogConfig: Setting CVar [[gc.AllowParallelGC:1]]
[2020.08.31-22.31.00:763][  0]LogConfig: Setting CVar [[gc.TimeBetweenPurgingPendingKillObjects:61.1]]
[2020.08.31-22.31.00:763][  0]LogConfig: Setting CVar [[gc.MaxObjectsInEditor:25165824]]
[2020.08.31-22.31.00:763][  0]LogConfig: Setting CVar [[gc.IncrementalBeginDestroyEnabled:1]]
[2020.08.31-22.31.00:763][  0]LogConfig: Setting CVar [[gc.CreateGCClusters:1]]
[2020.08.31-22.31.00:763][  0]LogConfig: Setting CVar [[gc.MinGCClusterSize:5]]
[2020.08.31-22.31.00:763][  0]LogConfig: Setting CVar [[gc.ActorClusteringEnabled:0]]
[2020.08.31-22.31.00:763][  0]LogConfig: Setting CVar [[gc.BlueprintClusteringEnabled:0]]
[2020.08.31-22.31.00:763][  0]LogConfig: Setting CVar [[gc.UseDisregardForGCOnDedicatedServers:0]]
[2020.08.31-22.31.00:763][  0]LogConfig: Applying CVar settings from Section [/Script/Engine.NetworkSettings] File [D:/Documents/repos/Games/UE4/UnrealCourse/Bull-Cow-Game/BullCowGame-starter-kit/Saved/Config/Windows/Engine.ini]
[2020.08.31-22.31.00:763][  0]LogConfig: Applying CVar settings from Section [/Script/UnrealEd.CookerSettings] File [D:/Documents/repos/Games/UE4/UnrealCourse/Bull-Cow-Game/BullCowGame-starter-kit/Saved/Config/Windows/Engine.ini]
[2020.08.31-22.31.00:773][  0]LogConfig: Applying CVar settings from Section [ViewDistanceQuality@3] File [D:/Documents/repos/Games/UE4/UnrealCourse/Bull-Cow-Game/BullCowGame-starter-kit/Saved/Config/Windows/Scalability.ini]
[2020.08.31-22.31.00:773][  0]LogConfig: Setting CVar [[r.SkeletalMeshLODBias:0]]
[2020.08.31-22.31.00:773][  0]LogConfig: Setting CVar [[r.ViewDistanceScale:1.0]]
[2020.08.31-22.31.00:773][  0]LogConfig: Applying CVar settings from Section [AntiAliasingQuality@3] File [D:/Documents/repos/Games/UE4/UnrealCourse/Bull-Cow-Game/BullCowGame-starter-kit/Saved/Config/Windows/Scalability.ini]
[2020.08.31-22.31.00:774][  0]LogConfig: Setting CVar [[r.PostProcessAAQuality:4]]
[2020.08.31-22.31.00:774][  0]LogConfig: Applying CVar settings from Section [ShadowQuality@3] File [D:/Documents/repos/Games/UE4/UnrealCourse/Bull-Cow-Game/BullCowGame-starter-kit/Saved/Config/Windows/Scalability.ini]
[2020.08.31-22.31.00:774][  0]LogConfig: Setting CVar [[r.LightFunctionQuality:1]]
[2020.08.31-22.31.00:774][  0]LogConfig: Setting CVar [[r.ShadowQuality:5]]
[2020.08.31-22.31.00:774][  0]LogConfig: Setting CVar [[r.Shadow.CSM.MaxCascades:10]]
[2020.08.31-22.31.00:774][  0]LogConfig: Setting CVar [[r.Shadow.MaxResolution:2048]]
[2020.08.31-22.31.00:774][  0]LogConfig: Setting CVar [[r.Shadow.MaxCSMResolution:2048]]
[2020.08.31-22.31.00:774][  0]LogConfig: Setting CVar [[r.Shadow.RadiusThreshold:0.01]]
[2020.08.31-22.31.00:774][  0]LogConfig: Setting CVar [[r.Shadow.DistanceScale:1.0]]
[2020.08.31-22.31.00:774][  0]LogConfig: Setting CVar [[r.Shadow.CSM.TransitionScale:1.0]]
[2020.08.31-22.31.00:774][  0]LogConfig: Setting CVar [[r.Shadow.PreShadowResolutionFactor:1.0]]
[2020.08.31-22.31.00:774][  0]LogConfig: Setting CVar [[r.DistanceFieldShadowing:1]]
[2020.08.31-22.31.00:774][  0]LogConfig: Setting CVar [[r.DistanceFieldAO:1]]
[2020.08.31-22.31.00:774][  0]LogConfig: Setting CVar [[r.AOQuality:2]]
[2020.08.31-22.31.00:774][  0]LogConfig: Setting CVar [[r.VolumetricFog:1]]
[2020.08.31-22.31.00:774][  0]LogConfig: Setting CVar [[r.VolumetricFog.GridPixelSize:8]]
[2020.08.31-22.31.00:774][  0]LogConfig: Setting CVar [[r.VolumetricFog.GridSizeZ:128]]
[2020.08.31-22.31.00:774][  0]LogConfig: Setting CVar [[r.VolumetricFog.HistoryMissSupersampleCount:4]]
[2020.08.31-22.31.00:774][  0]LogConfig: Setting CVar [[r.LightMaxDrawDistanceScale:1]]
[2020.08.31-22.31.00:774][  0]LogConfig: Setting CVar [[r.CapsuleShadows:1]]
[2020.08.31-22.31.00:774][  0]LogConfig: Applying CVar settings from Section [PostProcessQuality@3] File [D:/Documents/repos/Games/UE4/UnrealCourse/Bull-Cow-Game/BullCowGame-starter-kit/Saved/Config/Windows/Scalability.ini]
[2020.08.31-22.31.00:774][  0]LogConfig: Setting CVar [[r.MotionBlurQuality:4]]
[2020.08.31-22.31.00:774][  0]LogConfig: Setting CVar [[r.AmbientOcclusionMipLevelFactor:0.4]]
[2020.08.31-22.31.00:774][  0]LogConfig: Setting CVar [[r.AmbientOcclusionMaxQuality:100]]
[2020.08.31-22.31.00:774][  0]LogConfig: Setting CVar [[r.AmbientOcclusionLevels:-1]]
[2020.08.31-22.31.00:774][  0]LogConfig: Setting CVar [[r.AmbientOcclusionRadiusScale:1.0]]
[2020.08.31-22.31.00:774][  0]LogConfig: Setting CVar [[r.DepthOfFieldQuality:2]]
[2020.08.31-22.31.00:774][  0]LogConfig: Setting CVar [[r.RenderTargetPoolMin:400]]
[2020.08.31-22.31.00:774][  0]LogConfig: Setting CVar [[r.LensFlareQuality:2]]
[2020.08.31-22.31.00:774][  0]LogConfig: Setting CVar [[r.SceneColorFringeQuality:1]]
[2020.08.31-22.31.00:774][  0]LogConfig: Setting CVar [[r.EyeAdaptationQuality:2]]
[2020.08.31-22.31.00:774][  0]LogConfig: Setting CVar [[r.BloomQuality:5]]
[2020.08.31-22.31.00:774][  0]LogConfig: Setting CVar [[r.FastBlurThreshold:100]]
[2020.08.31-22.31.00:774][  0]LogConfig: Setting CVar [[r.Upscale.Quality:3]]
[2020.08.31-22.31.00:774][  0]LogConfig: Setting CVar [[r.Tonemapper.GrainQuantization:1]]
[2020.08.31-22.31.00:774][  0]LogConfig: Setting CVar [[r.LightShaftQuality:1]]
[2020.08.31-22.31.00:774][  0]LogConfig: Setting CVar [[r.Filter.SizeScale:1]]
[2020.08.31-22.31.00:774][  0]LogConfig: Setting CVar [[r.Tonemapper.Quality:5]]
[2020.08.31-22.31.00:774][  0]LogConfig: Setting CVar [[r.DOF.Gather.AccumulatorQuality:1        ; higher gathering accumulator quality]]
[2020.08.31-22.31.00:774][  0]LogConfig: Setting CVar [[r.DOF.Gather.PostfilterMethod:1          ; Median3x3 postfilering method]]
[2020.08.31-22.31.00:774][  0]LogConfig: Setting CVar [[r.DOF.Gather.EnableBokehSettings:0       ; no bokeh simulation when gathering]]
[2020.08.31-22.31.00:774][  0]LogConfig: Setting CVar [[r.DOF.Gather.RingCount:4                 ; medium number of samples when gathering]]
[2020.08.31-22.31.00:774][  0]LogConfig: Setting CVar [[r.DOF.Scatter.ForegroundCompositing:1    ; additive foreground scattering]]
[2020.08.31-22.31.00:774][  0]LogConfig: Setting CVar [[r.DOF.Scatter.BackgroundCompositing:2    ; additive background scattering]]
[2020.08.31-22.31.00:774][  0]LogConfig: Setting CVar [[r.DOF.Scatter.EnableBokehSettings:1      ; bokeh simulation when scattering]]
[2020.08.31-22.31.00:774][  0]LogConfig: Setting CVar [[r.DOF.Scatter.MaxSpriteRatio:0.1         ; only a maximum of 10% of scattered bokeh]]
[2020.08.31-22.31.00:774][  0]LogConfig: Setting CVar [[r.DOF.Recombine.Quality:1                ; cheap slight out of focus]]
[2020.08.31-22.31.00:774][  0]LogConfig: Setting CVar [[r.DOF.Recombine.EnableBokehSettings:0    ; no bokeh simulation on slight out of focus]]
[2020.08.31-22.31.00:774][  0]LogConfig: Setting CVar [[r.DOF.TemporalAAQuality:1                ; more stable temporal accumulation]]
[2020.08.31-22.31.00:774][  0]LogConfig: Setting CVar [[r.DOF.Kernel.MaxForegroundRadius:0.025]]
[2020.08.31-22.31.00:774][  0]LogConfig: Setting CVar [[r.DOF.Kernel.MaxBackgroundRadius:0.025]]
[2020.08.31-22.31.00:774][  0]LogConfig: Applying CVar settings from Section [TextureQuality@3] File [D:/Documents/repos/Games/UE4/UnrealCourse/Bull-Cow-Game/BullCowGame-starter-kit/Saved/Config/Windows/Scalability.ini]
[2020.08.31-22.31.00:774][  0]LogConfig: Setting CVar [[r.Streaming.MipBias:0]]
[2020.08.31-22.31.00:774][  0]LogConfig: Setting CVar [[r.Streaming.AmortizeCPUToGPUCopy:0]]
[2020.08.31-22.31.00:774][  0]LogConfig: Setting CVar [[r.Streaming.MaxNumTexturesToStreamPerFrame:0]]
[2020.08.31-22.31.00:774][  0]LogConfig: Setting CVar [[r.Streaming.Boost:1]]
[2020.08.31-22.31.00:774][  0]LogConfig: Setting CVar [[r.MaxAnisotropy:8]]
[2020.08.31-22.31.00:774][  0]LogConfig: Setting CVar [[r.VT.MaxAnisotropy:8]]
[2020.08.31-22.31.00:774][  0]LogConfig: Setting CVar [[r.Streaming.LimitPoolSizeToVRAM:0]]
[2020.08.31-22.31.00:774][  0]LogConfig: Setting CVar [[r.Streaming.PoolSize:1000]]
[2020.08.31-22.31.00:774][  0]LogConfig: Setting CVar [[r.Streaming.MaxEffectiveScreenSize:0]]
[2020.08.31-22.31.00:774][  0]LogConfig: Applying CVar settings from Section [EffectsQuality@3] File [D:/Documents/repos/Games/UE4/UnrealCourse/Bull-Cow-Game/BullCowGame-starter-kit/Saved/Config/Windows/Scalability.ini]
[2020.08.31-22.31.00:774][  0]LogConfig: Setting CVar [[r.TranslucencyLightingVolumeDim:64]]
[2020.08.31-22.31.00:774][  0]LogConfig: Setting CVar [[r.RefractionQuality:2]]
[2020.08.31-22.31.00:774][  0]LogConfig: Setting CVar [[r.SSR.Quality:3]]
[2020.08.31-22.31.00:774][  0]LogConfig: Setting CVar [[r.SSR.HalfResSceneColor:0]]
[2020.08.31-22.31.00:775][  0]LogConfig: Setting CVar [[r.SceneColorFormat:4]]
[2020.08.31-22.31.00:775][  0]LogConfig: Setting CVar [[r.DetailMode:2]]
[2020.08.31-22.31.00:775][  0]LogConfig: Setting CVar [[r.TranslucencyVolumeBlur:1]]
[2020.08.31-22.31.00:775][  0]LogConfig: Setting CVar [[r.MaterialQualityLevel:1 ; High quality]]
[2020.08.31-22.31.00:775][  0]LogConfig: Setting CVar [[r.SSS.Scale:1]]
[2020.08.31-22.31.00:775][  0]LogConfig: Setting CVar [[r.SSS.SampleSet:2]]
[2020.08.31-22.31.00:775][  0]LogConfig: Setting CVar [[r.SSS.Quality:1]]
[2020.08.31-22.31.00:775][  0]LogConfig: Setting CVar [[r.SSS.HalfRes:0]]
[2020.08.31-22.31.00:775][  0]LogConfig: Setting CVar [[r.SSGI.Quality:3]]
[2020.08.31-22.31.00:775][  0]LogConfig: Setting CVar [[r.EmitterSpawnRateScale:1.0]]
[2020.08.31-22.31.00:775][  0]LogConfig: Setting CVar [[r.ParticleLightQuality:2]]
[2020.08.31-22.31.00:775][  0]LogConfig: Setting CVar [[r.SkyAtmosphere.AerialPerspectiveLUT.FastApplyOnOpaque:1 ; Always have FastSkyLUT 1 in this case to avoid wrong sky]]
[2020.08.31-22.31.00:775][  0]LogConfig: Setting CVar [[r.SkyAtmosphere.AerialPerspectiveLUT.SampleCountPerSlice:1]]
[2020.08.31-22.31.00:775][  0]LogConfig: Setting CVar [[r.SkyAtmosphere.AerialPerspectiveLUT.DepthResolution:16.0]]
[2020.08.31-22.31.00:775][  0]LogConfig: Setting CVar [[r.SkyAtmosphere.FastSkyLUT:1]]
[2020.08.31-22.31.00:775][  0]LogConfig: Setting CVar [[r.SkyAtmosphere.FastSkyLUT.SampleCountMin:4.0]]
[2020.08.31-22.31.00:775][  0]LogConfig: Setting CVar [[r.SkyAtmosphere.FastSkyLUT.SampleCountMax:32.0]]
[2020.08.31-22.31.00:775][  0]LogConfig: Setting CVar [[r.SkyAtmosphere.SampleCountMin:4.0]]
[2020.08.31-22.31.00:775][  0]LogConfig: Setting CVar [[r.SkyAtmosphere.SampleCountMax:32.0]]
[2020.08.31-22.31.00:775][  0]LogConfig: Setting CVar [[r.SkyAtmosphere.TransmittanceLUT.UseSmallFormat:0]]
[2020.08.31-22.31.00:775][  0]LogConfig: Setting CVar [[r.SkyAtmosphere.TransmittanceLUT.SampleCount:10.0]]
[2020.08.31-22.31.00:775][  0]LogConfig: Setting CVar [[r.SkyAtmosphere.MultiScatteringLUT.SampleCount:15.0]]
[2020.08.31-22.31.00:775][  0]LogConfig: Applying CVar settings from Section [FoliageQuality@3] File [D:/Documents/repos/Games/UE4/UnrealCourse/Bull-Cow-Game/BullCowGame-starter-kit/Saved/Config/Windows/Scalability.ini]
[2020.08.31-22.31.00:775][  0]LogConfig: Setting CVar [[foliage.DensityScale:1.0]]
[2020.08.31-22.31.00:775][  0]LogConfig: Setting CVar [[grass.DensityScale:1.0]]
[2020.08.31-22.31.00:775][  0]LogConfig: Applying CVar settings from Section [ShadingQuality@3] File [D:/Documents/repos/Games/UE4/UnrealCourse/Bull-Cow-Game/BullCowGame-starter-kit/Saved/Config/Windows/Scalability.ini]
[2020.08.31-22.31.00:775][  0]LogConfig: Setting CVar [[r.HairStrands.SkyLighting.SampleCount:16]]
[2020.08.31-22.31.00:775][  0]LogConfig: Setting CVar [[r.HairStrands.SkyLighting.JitterIntegration:0]]
[2020.08.31-22.31.00:775][  0]LogConfig: Setting CVar [[r.HairStrands.SkyAO.SampleCount:16]]
[2020.08.31-22.31.00:775][  0]LogConfig: Setting CVar [[r.HairStrands.DeepShadow.SuperSampling:0]]
[2020.08.31-22.31.00:775][  0]LogConfig: Setting CVar [[r.HairStrands.VisibilityPPLL:0]]
[2020.08.31-22.31.00:775][  0]LogConfig: Setting CVar [[r.HairStrands.RasterizationScale:0.5]]
[2020.08.31-22.31.00:775][  0]LogConfig: Setting CVar [[r.HairStrands.VelocityRasterizationScale:1]]
[2020.08.31-22.31.00:776][  0]LogInit: Selected Device Profile: [Windows]
[2020.08.31-22.31.00:776][  0]LogInit: Applying CVar settings loaded from the selected device profile: [Windows]
[2020.08.31-22.31.00:778][  0]LogHAL: Display: Platform has ~ 12 GB [12763226112 / 17179869184 / 12], which maps to Larger [LargestMinGB=32, LargerMinGB=12, DefaultMinGB=8, SmallerMinGB=6, SmallestMinGB=0)
[2020.08.31-22.31.00:778][  0]LogInit: Going up to parent DeviceProfile []
[2020.08.31-22.31.00:779][  0]LogConfig: Applying CVar settings from Section [ViewDistanceQuality@3] File [D:/Documents/repos/Games/UE4/UnrealCourse/Bull-Cow-Game/BullCowGame-starter-kit/Saved/Config/Windows/Scalability.ini]
[2020.08.31-22.31.00:779][  0]LogConfig: Setting CVar [[r.SkeletalMeshLODBias:0]]
[2020.08.31-22.31.00:779][  0]LogConfig: Setting CVar [[r.ViewDistanceScale:1.0]]
[2020.08.31-22.31.00:779][  0]LogConfig: Applying CVar settings from Section [AntiAliasingQuality@3] File [D:/Documents/repos/Games/UE4/UnrealCourse/Bull-Cow-Game/BullCowGame-starter-kit/Saved/Config/Windows/Scalability.ini]
[2020.08.31-22.31.00:779][  0]LogConfig: Setting CVar [[r.PostProcessAAQuality:4]]
[2020.08.31-22.31.00:779][  0]LogConfig: Applying CVar settings from Section [ShadowQuality@3] File [D:/Documents/repos/Games/UE4/UnrealCourse/Bull-Cow-Game/BullCowGame-starter-kit/Saved/Config/Windows/Scalability.ini]
[2020.08.31-22.31.00:779][  0]LogConfig: Setting CVar [[r.LightFunctionQuality:1]]
[2020.08.31-22.31.00:779][  0]LogConfig: Setting CVar [[r.ShadowQuality:5]]
[2020.08.31-22.31.00:779][  0]LogConfig: Setting CVar [[r.Shadow.CSM.MaxCascades:10]]
[2020.08.31-22.31.00:779][  0]LogConfig: Setting CVar [[r.Shadow.MaxResolution:2048]]
[2020.08.31-22.31.00:779][  0]LogConfig: Setting CVar [[r.Shadow.MaxCSMResolution:2048]]
[2020.08.31-22.31.00:779][  0]LogConfig: Setting CVar [[r.Shadow.RadiusThreshold:0.01]]
[2020.08.31-22.31.00:779][  0]LogConfig: Setting CVar [[r.Shadow.DistanceScale:1.0]]
[2020.08.31-22.31.00:779][  0]LogConfig: Setting CVar [[r.Shadow.CSM.TransitionScale:1.0]]
[2020.08.31-22.31.00:779][  0]LogConfig: Setting CVar [[r.Shadow.PreShadowResolutionFactor:1.0]]
[2020.08.31-22.31.00:779][  0]LogConfig: Setting CVar [[r.DistanceFieldShadowing:1]]
[2020.08.31-22.31.00:779][  0]LogConfig: Setting CVar [[r.DistanceFieldAO:1]]
[2020.08.31-22.31.00:779][  0]LogConfig: Setting CVar [[r.AOQuality:2]]
[2020.08.31-22.31.00:780][  0]LogConfig: Setting CVar [[r.VolumetricFog:1]]
[2020.08.31-22.31.00:780][  0]LogConfig: Setting CVar [[r.VolumetricFog.GridPixelSize:8]]
[2020.08.31-22.31.00:780][  0]LogConfig: Setting CVar [[r.VolumetricFog.GridSizeZ:128]]
[2020.08.31-22.31.00:780][  0]LogConfig: Setting CVar [[r.VolumetricFog.HistoryMissSupersampleCount:4]]
[2020.08.31-22.31.00:780][  0]LogConfig: Setting CVar [[r.LightMaxDrawDistanceScale:1]]
[2020.08.31-22.31.00:780][  0]LogConfig: Setting CVar [[r.CapsuleShadows:1]]
[2020.08.31-22.31.00:780][  0]LogConfig: Applying CVar settings from Section [PostProcessQuality@3] File [D:/Documents/repos/Games/UE4/UnrealCourse/Bull-Cow-Game/BullCowGame-starter-kit/Saved/Config/Windows/Scalability.ini]
[2020.08.31-22.31.00:780][  0]LogConfig: Setting CVar [[r.MotionBlurQuality:4]]
[2020.08.31-22.31.00:780][  0]LogConfig: Setting CVar [[r.AmbientOcclusionMipLevelFactor:0.4]]
[2020.08.31-22.31.00:780][  0]LogConfig: Setting CVar [[r.AmbientOcclusionMaxQuality:100]]
[2020.08.31-22.31.00:780][  0]LogConfig: Setting CVar [[r.AmbientOcclusionLevels:-1]]
[2020.08.31-22.31.00:780][  0]LogConfig: Setting CVar [[r.AmbientOcclusionRadiusScale:1.0]]
[2020.08.31-22.31.00:780][  0]LogConfig: Setting CVar [[r.DepthOfFieldQuality:2]]
[2020.08.31-22.31.00:780][  0]LogConfig: Setting CVar [[r.RenderTargetPoolMin:400]]
[2020.08.31-22.31.00:780][  0]LogConfig: Setting CVar [[r.LensFlareQuality:2]]
[2020.08.31-22.31.00:780][  0]LogConfig: Setting CVar [[r.SceneColorFringeQuality:1]]
[2020.08.31-22.31.00:780][  0]LogConfig: Setting CVar [[r.EyeAdaptationQuality:2]]
[2020.08.31-22.31.00:780][  0]LogConfig: Setting CVar [[r.BloomQuality:5]]
[2020.08.31-22.31.00:780][  0]LogConfig: Setting CVar [[r.FastBlurThreshold:100]]
[2020.08.31-22.31.00:780][  0]LogConfig: Setting CVar [[r.Upscale.Quality:3]]
[2020.08.31-22.31.00:780][  0]LogConfig: Setting CVar [[r.Tonemapper.GrainQuantization:1]]
[2020.08.31-22.31.00:780][  0]LogConfig: Setting CVar [[r.LightShaftQuality:1]]
[2020.08.31-22.31.00:780][  0]LogConfig: Setting CVar [[r.Filter.SizeScale:1]]
[2020.08.31-22.31.00:780][  0]LogConfig: Setting CVar [[r.Tonemapper.Quality:5]]
[2020.08.31-22.31.00:780][  0]LogConfig: Setting CVar [[r.DOF.Gather.AccumulatorQuality:1        ; higher gathering accumulator quality]]
[2020.08.31-22.31.00:780][  0]LogConfig: Setting CVar [[r.DOF.Gather.PostfilterMethod:1          ; Median3x3 postfilering method]]
[2020.08.31-22.31.00:780][  0]LogConfig: Setting CVar [[r.DOF.Gather.EnableBokehSettings:0       ; no bokeh simulation when gathering]]
[2020.08.31-22.31.00:780][  0]LogConfig: Setting CVar [[r.DOF.Gather.RingCount:4                 ; medium number of samples when gathering]]
[2020.08.31-22.31.00:780][  0]LogConfig: Setting CVar [[r.DOF.Scatter.ForegroundCompositing:1    ; additive foreground scattering]]
[2020.08.31-22.31.00:780][  0]LogConfig: Setting CVar [[r.DOF.Scatter.BackgroundCompositing:2    ; additive background scattering]]
[2020.08.31-22.31.00:780][  0]LogConfig: Setting CVar [[r.DOF.Scatter.EnableBokehSettings:1      ; bokeh simulation when scattering]]
[2020.08.31-22.31.00:780][  0]LogConfig: Setting CVar [[r.DOF.Scatter.MaxSpriteRatio:0.1         ; only a maximum of 10% of scattered bokeh]]
[2020.08.31-22.31.00:780][  0]LogConfig: Setting CVar [[r.DOF.Recombine.Quality:1                ; cheap slight out of focus]]
[2020.08.31-22.31.00:780][  0]LogConfig: Setting CVar [[r.DOF.Recombine.EnableBokehSettings:0    ; no bokeh simulation on slight out of focus]]
[2020.08.31-22.31.00:780][  0]LogConfig: Setting CVar [[r.DOF.TemporalAAQuality:1                ; more stable temporal accumulation]]
[2020.08.31-22.31.00:780][  0]LogConfig: Setting CVar [[r.DOF.Kernel.MaxForegroundRadius:0.025]]
[2020.08.31-22.31.00:780][  0]LogConfig: Setting CVar [[r.DOF.Kernel.MaxBackgroundRadius:0.025]]
[2020.08.31-22.31.00:780][  0]LogConfig: Applying CVar settings from Section [TextureQuality@3] File [D:/Documents/repos/Games/UE4/UnrealCourse/Bull-Cow-Game/BullCowGame-starter-kit/Saved/Config/Windows/Scalability.ini]
[2020.08.31-22.31.00:780][  0]LogConfig: Setting CVar [[r.Streaming.MipBias:0]]
[2020.08.31-22.31.00:780][  0]LogConfig: Setting CVar [[r.Streaming.AmortizeCPUToGPUCopy:0]]
[2020.08.31-22.31.00:780][  0]LogConfig: Setting CVar [[r.Streaming.MaxNumTexturesToStreamPerFrame:0]]
[2020.08.31-22.31.00:780][  0]LogConfig: Setting CVar [[r.Streaming.Boost:1]]
[2020.08.31-22.31.00:780][  0]LogConfig: Setting CVar [[r.MaxAnisotropy:8]]
[2020.08.31-22.31.00:780][  0]LogConfig: Setting CVar [[r.VT.MaxAnisotropy:8]]
[2020.08.31-22.31.00:780][  0]LogConfig: Setting CVar [[r.Streaming.LimitPoolSizeToVRAM:0]]
[2020.08.31-22.31.00:780][  0]LogConfig: Setting CVar [[r.Streaming.PoolSize:1000]]
[2020.08.31-22.31.00:780][  0]LogConfig: Setting CVar [[r.Streaming.MaxEffectiveScreenSize:0]]
[2020.08.31-22.31.00:780][  0]LogConfig: Applying CVar settings from Section [EffectsQuality@3] File [D:/Documents/repos/Games/UE4/UnrealCourse/Bull-Cow-Game/BullCowGame-starter-kit/Saved/Config/Windows/Scalability.ini]
[2020.08.31-22.31.00:780][  0]LogConfig: Setting CVar [[r.TranslucencyLightingVolumeDim:64]]
[2020.08.31-22.31.00:780][  0]LogConfig: Setting CVar [[r.RefractionQuality:2]]
[2020.08.31-22.31.00:780][  0]LogConfig: Setting CVar [[r.SSR.Quality:3]]
[2020.08.31-22.31.00:780][  0]LogConfig: Setting CVar [[r.SSR.HalfResSceneColor:0]]
[2020.08.31-22.31.00:780][  0]LogConfig: Setting CVar [[r.SceneColorFormat:4]]
[2020.08.31-22.31.00:780][  0]LogConfig: Setting CVar [[r.DetailMode:2]]
[2020.08.31-22.31.00:780][  0]LogConfig: Setting CVar [[r.TranslucencyVolumeBlur:1]]
[2020.08.31-22.31.00:780][  0]LogConfig: Setting CVar [[r.MaterialQualityLevel:1 ; High quality]]
[2020.08.31-22.31.00:780][  0]LogConfig: Setting CVar [[r.SSS.Scale:1]]
[2020.08.31-22.31.00:780][  0]LogConfig: Setting CVar [[r.SSS.SampleSet:2]]
[2020.08.31-22.31.00:780][  0]LogConfig: Setting CVar [[r.SSS.Quality:1]]
[2020.08.31-22.31.00:780][  0]LogConfig: Setting CVar [[r.SSS.HalfRes:0]]
[2020.08.31-22.31.00:780][  0]LogConfig: Setting CVar [[r.SSGI.Quality:3]]
[2020.08.31-22.31.00:780][  0]LogConfig: Setting CVar [[r.EmitterSpawnRateScale:1.0]]
[2020.08.31-22.31.00:780][  0]LogConfig: Setting CVar [[r.ParticleLightQuality:2]]
[2020.08.31-22.31.00:780][  0]LogConfig: Setting CVar [[r.SkyAtmosphere.AerialPerspectiveLUT.FastApplyOnOpaque:1 ; Always have FastSkyLUT 1 in this case to avoid wrong sky]]
[2020.08.31-22.31.00:780][  0]LogConfig: Setting CVar [[r.SkyAtmosphere.AerialPerspectiveLUT.SampleCountPerSlice:1]]
[2020.08.31-22.31.00:780][  0]LogConfig: Setting CVar [[r.SkyAtmosphere.AerialPerspectiveLUT.DepthResolution:16.0]]
[2020.08.31-22.31.00:780][  0]LogConfig: Setting CVar [[r.SkyAtmosphere.FastSkyLUT:1]]
[2020.08.31-22.31.00:780][  0]LogConfig: Setting CVar [[r.SkyAtmosphere.FastSkyLUT.SampleCountMin:4.0]]
[2020.08.31-22.31.00:780][  0]LogConfig: Setting CVar [[r.SkyAtmosphere.FastSkyLUT.SampleCountMax:32.0]]
[2020.08.31-22.31.00:780][  0]LogConfig: Setting CVar [[r.SkyAtmosphere.SampleCountMin:4.0]]
[2020.08.31-22.31.00:780][  0]LogConfig: Setting CVar [[r.SkyAtmosphere.SampleCountMax:32.0]]
[2020.08.31-22.31.00:780][  0]LogConfig: Setting CVar [[r.SkyAtmosphere.TransmittanceLUT.UseSmallFormat:0]]
[2020.08.31-22.31.00:780][  0]LogConfig: Setting CVar [[r.SkyAtmosphere.TransmittanceLUT.SampleCount:10.0]]
[2020.08.31-22.31.00:780][  0]LogConfig: Setting CVar [[r.SkyAtmosphere.MultiScatteringLUT.SampleCount:15.0]]
[2020.08.31-22.31.00:781][  0]LogConfig: Applying CVar settings from Section [FoliageQuality@3] File [D:/Documents/repos/Games/UE4/UnrealCourse/Bull-Cow-Game/BullCowGame-starter-kit/Saved/Config/Windows/Scalability.ini]
[2020.08.31-22.31.00:781][  0]LogConfig: Setting CVar [[foliage.DensityScale:1.0]]
[2020.08.31-22.31.00:781][  0]LogConfig: Setting CVar [[grass.DensityScale:1.0]]
[2020.08.31-22.31.00:781][  0]LogConfig: Applying CVar settings from Section [ShadingQuality@3] File [D:/Documents/repos/Games/UE4/UnrealCourse/Bull-Cow-Game/BullCowGame-starter-kit/Saved/Config/Windows/Scalability.ini]
[2020.08.31-22.31.00:781][  0]LogConfig: Setting CVar [[r.HairStrands.SkyLighting.SampleCount:16]]
[2020.08.31-22.31.00:781][  0]LogConfig: Setting CVar [[r.HairStrands.SkyLighting.JitterIntegration:0]]
[2020.08.31-22.31.00:781][  0]LogConfig: Setting CVar [[r.HairStrands.SkyAO.SampleCount:16]]
[2020.08.31-22.31.00:781][  0]LogConfig: Setting CVar [[r.HairStrands.DeepShadow.SuperSampling:0]]
[2020.08.31-22.31.00:781][  0]LogConfig: Setting CVar [[r.HairStrands.VisibilityPPLL:0]]
[2020.08.31-22.31.00:781][  0]LogConfig: Setting CVar [[r.HairStrands.RasterizationScale:0.5]]
[2020.08.31-22.31.00:781][  0]LogConfig: Setting CVar [[r.HairStrands.VelocityRasterizationScale:1]]
[2020.08.31-22.31.00:781][  0]LogConfig: Applying CVar settings from Section [Startup] File [../../../Engine/Config/ConsoleVariables.ini]
[2020.08.31-22.31.00:781][  0]LogConfig: Setting CVar [[net.UseAdaptiveNetUpdateFrequency:0]]
[2020.08.31-22.31.00:781][  0]LogConfig: Setting CVar [[p.chaos.AllowCreatePhysxBodies:1]]
[2020.08.31-22.31.00:781][  0]LogConfig: Setting CVar [[fx.SkipVectorVMBackendOptimizations:1]]
[2020.08.31-22.31.00:781][  0]LogConfig: Applying CVar settings from Section [ConsoleVariables] File [D:/Documents/repos/Games/UE4/UnrealCourse/Bull-Cow-Game/BullCowGame-starter-kit/Saved/Config/Windows/Engine.ini]
[2020.08.31-22.31.00:785][  0]LogInit: Computer: DESKTOP-RE7DFTP
[2020.08.31-22.31.00:785][  0]LogInit: User: jordi
[2020.08.31-22.31.00:785][  0]LogInit: CPU Page size=4096, Cores=4
[2020.08.31-22.31.00:785][  0]LogInit: High frequency timer resolution =10.000000 MHz
[2020.08.31-22.31.00:787][  0]LogMemory: Memory total: Physical=11.9GB (12GB approx)
[2020.08.31-22.31.00:787][  0]LogMemory: Platform Memory Stats for Windows
[2020.08.31-22.31.00:787][  0]LogMemory: Process Physical Memory: 118.17 MB used, 118.17 MB peak
[2020.08.31-22.31.00:787][  0]LogMemory: Process Virtual Memory: 96.61 MB used, 96.61 MB peak
[2020.08.31-22.31.00:787][  0]LogMemory: Physical Memory: 7444.55 MB used,  4727.41 MB free, 12171.96 MB total
[2020.08.31-22.31.00:787][  0]LogMemory: Virtual Memory: 5181.97 MB used,  134212544.00 MB free, 134217728.00 MB total
[2020.08.31-22.31.00:799][  0]LogWindows: WindowsPlatformFeatures enabled
[2020.08.31-22.31.01:204][  0]LogInit: Physics initialised using underlying interface: PhysX
[2020.08.31-22.31.01:214][  0]LogInit: Overriding language with editor language configuration option (en).
[2020.08.31-22.31.01:214][  0]LogInit: Overriding locale with editor culture configuration option ().
[2020.08.31-22.31.01:214][  0]LogInit: Using OS detected locale (es-CL).
[2020.08.31-22.31.01:646][  0]LogInit: Setting process to per monitor DPI aware
[2020.08.31-22.31.01:854][  0]LogSlate: New Slate User Created.  User Index 0, Is Virtual User: 0
[2020.08.31-22.31.01:854][  0]LogSlate: Slate User Registered.  User Index 0, Is Virtual User: 0
[2020.08.31-22.31.04:639][  0]LogHMD: Failed to initialize OpenVR with code 110
[2020.08.31-22.31.04:639][  0]LogD3D11RHI: D3D11 min allowed feature level: 11_0
[2020.08.31-22.31.04:639][  0]LogD3D11RHI: D3D11 max allowed feature level: 11_0
[2020.08.31-22.31.04:640][  0]LogD3D11RHI: D3D11 adapters:
[2020.08.31-22.31.05:505][  0]LogD3D11RHI:    0. 'NVIDIA GeForce GTX 1050' (Feature Level 11_0)
[2020.08.31-22.31.05:505][  0]LogD3D11RHI:       4021/0/6085 MB DedicatedVideo/DedicatedSystem/SharedSystem, Outputs:1, VendorId:0x10de
[2020.08.31-22.31.05:554][  0]LogD3D11RHI:    1. 'Intel(R) HD Graphics 630' (Feature Level 11_0)
[2020.08.31-22.31.05:554][  0]LogD3D11RHI:       128/0/6085 MB DedicatedVideo/DedicatedSystem/SharedSystem, Outputs:0, VendorId:0x8086
[2020.08.31-22.31.05:564][  0]LogD3D11RHI:    2. 'Microsoft Basic Render Driver' (Feature Level 11_0)
[2020.08.31-22.31.05:564][  0]LogD3D11RHI:       0/0/6085 MB DedicatedVideo/DedicatedSystem/SharedSystem, Outputs:0, VendorId:0x1414
[2020.08.31-22.31.05:564][  0]LogD3D11RHI: Chosen D3D11 Adapter: 0
[2020.08.31-22.31.05:607][  0]LogD3D11RHI: Creating new Direct3DDevice
[2020.08.31-22.31.05:607][  0]LogD3D11RHI:     GPU DeviceId: 0x1c8d (for the marketing name, search the web for "GPU Device Id")
[2020.08.31-22.31.05:607][  0]LogWindows: EnumDisplayDevices:
[2020.08.31-22.31.05:608][  0]LogWindows:    0. 'Intel(R) HD Graphics 630' (P:1 D:1)
[2020.08.31-22.31.05:608][  0]LogWindows:    1. 'Intel(R) HD Graphics 630' (P:0 D:0)
[2020.08.31-22.31.05:608][  0]LogWindows:    2. 'Intel(R) HD Graphics 630' (P:0 D:0)
[2020.08.31-22.31.05:608][  0]LogWindows: DebugString: PrimaryIsNotTheChoosenAdapter PrimaryIsNotTheChoosenAdapter PrimaryIsNotTheChoosenAdapter FoundDriverCount:0 
[2020.08.31-22.31.05:608][  0]LogD3D11RHI:     Adapter Name: NVIDIA GeForce GTX 1050
[2020.08.31-22.31.05:608][  0]LogD3D11RHI:   Driver Version: Unknown (internal:Unknown, unified:Unknown)
[2020.08.31-22.31.05:608][  0]LogD3D11RHI:      Driver Date: Unknown
[2020.08.31-22.31.05:610][  0]LogRHI: Texture pool is 2814 MB (70% of 4021 MB)
[2020.08.31-22.31.05:659][  0]LogD3D11RHI: RHI has support for 64 bit atomics
[2020.08.31-22.31.05:665][  0]LogD3D11RHI: [Aftermath] Enabled and primed
[2020.08.31-22.31.05:665][  0]LogD3D11RHI: Async texture creation enabled
[2020.08.31-22.31.05:665][  0]LogD3D11RHI: Array index from any shader is supported
[2020.08.31-22.31.05:750][  0]LogD3D11RHI: GPU Timing Frequency: 1000.000000 (Debug: 2 1)
[2020.08.31-22.31.06:121][  0]LogTargetPlatformManager: Display: Loaded TargetPlatform 'AllDesktop'
[2020.08.31-22.31.06:149][  0]LogTargetPlatformManager: Display: Loaded TargetPlatform 'Android'
[2020.08.31-22.31.06:149][  0]LogTargetPlatformManager: Display: Loaded TargetPlatform 'Android_ASTC'
[2020.08.31-22.31.06:149][  0]LogTargetPlatformManager: Display: Loaded TargetPlatform 'Android_DXT'
[2020.08.31-22.31.06:150][  0]LogTargetPlatformManager: Display: Loaded TargetPlatform 'Android_ETC2'
[2020.08.31-22.31.06:150][  0]LogTargetPlatformManager: Display: Loaded TargetPlatform 'AndroidClient'
[2020.08.31-22.31.06:150][  0]LogTargetPlatformManager: Display: Loaded TargetPlatform 'Android_ASTCClient'
[2020.08.31-22.31.06:150][  0]LogTargetPlatformManager: Display: Loaded TargetPlatform 'Android_DXTClient'
[2020.08.31-22.31.06:150][  0]LogTargetPlatformManager: Display: Loaded TargetPlatform 'Android_ETC2Client'
[2020.08.31-22.31.06:150][  0]LogTargetPlatformManager: Display: Loaded TargetPlatform 'Android_Multi'
[2020.08.31-22.31.06:150][  0]LogTargetPlatformManager: Display: Loaded TargetPlatform 'Android_MultiClient'
[2020.08.31-22.31.06:200][  0]LogTargetPlatformManager: Display: Loaded TargetPlatform 'IOSClient'
[2020.08.31-22.31.06:200][  0]LogTargetPlatformManager: Display: Loaded TargetPlatform 'IOS'
[2020.08.31-22.31.06:225][  0]LogTargetPlatformManager: Display: Loaded TargetPlatform 'Linux'
[2020.08.31-22.31.06:240][  0]LogTargetPlatformManager: Display: Loaded TargetPlatform 'LinuxNoEditor'
[2020.08.31-22.31.06:254][  0]LogTargetPlatformManager: Display: Loaded TargetPlatform 'LinuxClient'
[2020.08.31-22.31.06:268][  0]LogTargetPlatformManager: Display: Loaded TargetPlatform 'LinuxServer'
[2020.08.31-22.31.06:281][  0]LogTargetPlatformManager: Display: Loaded TargetPlatform 'LinuxAArch64NoEditor'
[2020.08.31-22.31.06:295][  0]LogTargetPlatformManager: Display: Loaded TargetPlatform 'LinuxAArch64Client'
[2020.08.31-22.31.06:309][  0]LogTargetPlatformManager: Display: Loaded TargetPlatform 'LinuxAArch64Server'
[2020.08.31-22.31.06:345][  0]LogTargetPlatformManager: Display: Loaded TargetPlatform 'Lumin'
[2020.08.31-22.31.06:345][  0]LogTargetPlatformManager: Display: Loaded TargetPlatform 'LuminClient'
[2020.08.31-22.31.06:363][  0]LogTargetPlatformManager: Display: Loaded TargetPlatform 'TVOSClient'
[2020.08.31-22.31.06:363][  0]LogTargetPlatformManager: Display: Loaded TargetPlatform 'TVOS'
[2020.08.31-22.31.06:379][  0]LogTargetPlatformManager: Display: Loaded TargetPlatform 'WindowsNoEditor'
[2020.08.31-22.31.06:393][  0]LogTargetPlatformManager: Display: Loaded TargetPlatform 'Windows'
[2020.08.31-22.31.06:406][  0]LogTargetPlatformManager: Display: Loaded TargetPlatform 'WindowsClient'
[2020.08.31-22.31.06:420][  0]LogTargetPlatformManager: Display: Loaded TargetPlatform 'WindowsServer'
[2020.08.31-22.31.06:420][  0]LogTargetPlatformManager: Display: Building Assets For Windows
[2020.08.31-22.31.06:481][  0]LogAudioDebug: Display: Lib vorbis DLL was dynamically loaded.
[2020.08.31-22.31.06:725][  0]LogShaderCompilers: Guid format shader working directory is -33 characters bigger than the processId version (D:/Documents/repos/Games/UE4/UnrealCourse/Bull-Cow-Game/BullCowGame-starter-kit/Intermediate/Shaders/WorkingDirectory/9600/).
[2020.08.31-22.31.06:725][  0]LogShaderCompilers: Cleaned the shader compiler working directory 'C:/Users/jordi/AppData/Local/Temp/UnrealShaderWorkingDir/90A0B1FB42AD0C2AA179C8BA9D558AFA/'.
[2020.08.31-22.31.06:730][  0]LogXGEController: Cleaning working directory: C:/Users/jordi/AppData/Local/Temp/UnrealXGEWorkingDir/
[2020.08.31-22.31.06:730][  0]LogXGEController: Cannot use XGE Controller as Incredibuild is not installed on this machine.
[2020.08.31-22.31.06:730][  0]LogShaderCompilers: Cannot use XGE Shader Compiler as Incredibuild is not installed on this machine.
[2020.08.31-22.31.06:730][  0]LogShaderCompilers: Display: Using Local Shader Compiler.
[2020.08.31-22.31.10:053][  0]LogDerivedDataCache: Display: Max Cache Size: 512 MB
[2020.08.31-22.31.10:288][  0]LogDerivedDataCache: Loaded boot cache 0.23s 75MB C:/Users/jordi/AppData/Local/UnrealEngine/4.25/DerivedDataCache/Boot.ddc.
[2020.08.31-22.31.10:288][  0]LogDerivedDataCache: Display: Loaded Boot cache: C:/Users/jordi/AppData/Local/UnrealEngine/4.25/DerivedDataCache/Boot.ddc
[2020.08.31-22.31.10:289][  0]LogDerivedDataCache: FDerivedDataBackendGraph:  Pak pak cache file D:/Documents/repos/Games/UE4/UnrealCourse/Bull-Cow-Game/BullCowGame-starter-kit/DerivedDataCache/DDC.ddp not found, will not use a pak cache.
[2020.08.31-22.31.10:289][  0]LogDerivedDataCache: Unable to find inner node Pak for hierarchical cache Hierarchy.
[2020.08.31-22.31.10:289][  0]LogDerivedDataCache: FDerivedDataBackendGraph:  CompressedPak pak cache file D:/Documents/repos/Games/UE4/UnrealCourse/Bull-Cow-Game/BullCowGame-starter-kit/DerivedDataCache/Compressed.ddp not found, will not use a pak cache.
[2020.08.31-22.31.10:289][  0]LogDerivedDataCache: Unable to find inner node CompressedPak for hierarchical cache Hierarchy.
[2020.08.31-22.31.10:313][  0]LogDerivedDataCache: Display: Pak cache opened for reading ../../../Engine/DerivedDataCache/Compressed.ddp.
[2020.08.31-22.31.10:313][  0]LogDerivedDataCache: FDerivedDataBackendGraph:  EnterprisePak pak cache file ../../../Enterprise/DerivedDataCache/Compressed.ddp not found, will not use a pak cache.
[2020.08.31-22.31.10:313][  0]LogDerivedDataCache: Unable to find inner node EnterprisePak for hierarchical cache Hierarchy.
[2020.08.31-22.31.10:317][  0]LogDerivedDataCache: Using Local data cache path C:/Users/jordi/AppData/Local/UnrealEngine/Common/DerivedDataCache: Writable
[2020.08.31-22.31.10:317][  0]LogDerivedDataCache: Shared data cache path not found in *engine.ini, will not use an Shared cache.
[2020.08.31-22.31.10:317][  0]LogDerivedDataCache: Unable to find inner node Shared for hierarchical cache Hierarchy.
[2020.08.31-22.31.10:385][  0]LogSlate: Using FreeType 2.10.0
[2020.08.31-22.31.10:400][  0]LogSlate: SlateFontServices - WITH_FREETYPE: 1, WITH_HARFBUZZ: 1
[2020.08.31-22.31.10:485][  0]LogAssetRegistry: FAssetRegistry took 0.0065 seconds to start up
[2020.08.31-22.31.11:061][  0]LogInit: Selected Device Profile: [Windows]
[2020.08.31-22.31.11:422][  0]LogMeshReduction: Using QuadricMeshReduction for automatic static mesh reduction
[2020.08.31-22.31.11:422][  0]LogMeshReduction: Using SimplygonMeshReduction for automatic skeletal mesh reduction
[2020.08.31-22.31.11:422][  0]LogMeshReduction: Using ProxyLODMeshReduction for automatic mesh merging
[2020.08.31-22.31.11:422][  0]LogMeshReduction: No distributed automatic mesh merging module available
[2020.08.31-22.31.11:424][  0]LogMeshMerging: No distributed automatic mesh merging module available
[2020.08.31-22.31.11:510][  0]LogNetVersion: BullCowGame 1.0.0, NetCL: 13144385, EngineNetVer: 14, GameNetVer: 0 (Checksum: 3293675825)
[2020.08.31-22.31.13:252][  0]LogAISub: UAISubsystem::UAISubsystem AISubsystem (00000183609CA980), frame # 0
[2020.08.31-22.31.13:252][  0]LogAISub: UAISubsystem::UAISubsystem AIPerceptionSystem (00000183608982C0), frame # 0
[2020.08.31-22.31.13:258][  0]LogAISub: UAISubsystem::UAISubsystem EnvQueryManager (00000183609AE600), frame # 0
[2020.08.31-22.31.13:389][  0]LogPackageLocalizationCache: Processed 19 localized package path(s) for 1 prioritized culture(s) in 0.099541 seconds
[2020.08.31-22.31.13:395][  0]LogUObjectArray: 15917 objects as part of root set at end of initial load.
[2020.08.31-22.31.13:395][  0]LogUObjectAllocator: 3965568 out of 0 bytes used by permanent object pool.
[2020.08.31-22.31.13:395][  0]LogUObjectArray: CloseDisregardForGC: 0/0 objects in disregard for GC pool
[2020.08.31-22.31.14:492][  0]LogTcpMessaging: Initializing TcpMessaging bridge
[2020.08.31-22.31.14:571][  0]LogUdpMessaging: Initializing bridge on interface 0.0.0.0:0 to multicast group 230.0.0.1:6666.
[2020.08.31-22.31.14:788][  0]SourceControl: Source control is disabled
[2020.08.31-22.31.14:788][  0]SourceControl: Source control is disabled
[2020.08.31-22.31.14:806][  0]SourceControl: Source control is disabled
[2020.08.31-22.31.14:816][  0]SourceControl: Source control is disabled
[2020.08.31-22.31.14:834][  0]SourceControl: Source control is disabled
[2020.08.31-22.31.15:486][  0]LogAndroidPermission: UAndroidPermissionCallbackProxy::GetInstance
[2020.08.31-22.31.15:526][  0]LogAudioCaptureCore: Display: No Audio Capture implementations found. Audio input will be silent.
[2020.08.31-22.31.15:526][  0]LogAudioCaptureCore: Display: No Audio Capture implementations found. Audio input will be silent.
[2020.08.31-22.31.15:667][  0]LogOcInput: OculusInput pre-init called
[2020.08.31-22.31.15:695][  0]LogWindows: Failed to load 'OVRPlugin.dll' (GetLastError=126)
[2020.08.31-22.31.15:695][  0]LogWindows: File 'OVRPlugin.dll' does not exist
[2020.08.31-22.31.15:880][  0]LogEngine: Initializing Engine...
[2020.08.31-22.31.15:883][  0]LogHMD: Failed to initialize OpenVR with code 110
[2020.08.31-22.31.15:883][  0]LogMagicLeap: Warning: VR disabled because ZI is not enabled.  To enable, in the editor, Edit -> Project Settings -> Plugins -> Magic Leap Plugin -> Enable Zero Iteration
[2020.08.31-22.31.15:887][  0]LogStats: UGameplayTagsManager::InitializeManager -  0.002 s
[2020.08.31-22.31.16:027][  0]LogInit: Initializing FReadOnlyCVARCache
[2020.08.31-22.31.16:078][  0]LogAIModule: Creating AISystem for world Untitled
[2020.08.31-22.31.16:078][  0]LogAISub: UAISubsystem::UAISubsystem EnvQueryManager (00000183677EFC00), frame # 0
[2020.08.31-22.31.16:079][  0]LogAISub: UAISubsystem::UAISubsystem AIPerceptionSystem (00000183677FBB00), frame # 0
[2020.08.31-22.31.16:099][  0]LogAudioMixer: Display: Audio Mixer Platform Settings:
[2020.08.31-22.31.16:099][  0]LogAudioMixer: Display: 	Sample Rate:						  48000
[2020.08.31-22.31.16:099][  0]LogAudioMixer: Display: 	Callback Buffer Frame Size Requested: 1024
[2020.08.31-22.31.16:099][  0]LogAudioMixer: Display: 	Callback Buffer Frame Size To Use:	  1024
[2020.08.31-22.31.16:099][  0]LogAudioMixer: Display: 	Number of buffers to queue:			  2
[2020.08.31-22.31.16:099][  0]LogAudioMixer: Display: 	Max Channels (voices):				  32
[2020.08.31-22.31.16:099][  0]LogAudioMixer: Display: 	Number of Async Source Workers:		  0
[2020.08.31-22.31.16:099][  0]LogAudio: Display: AudioDevice MaxSources: 32
[2020.08.31-22.31.16:101][  0]LogAudio: Display: Using built-in audio occlusion.
[2020.08.31-22.31.16:102][  0]LogAudioMixer: Display: Initializing audio mixer.
[2020.08.31-22.31.16:148][  0]LogAudioMixer: Display: 0: FrontLeft
[2020.08.31-22.31.16:148][  0]LogAudioMixer: Display: 1: FrontRight
[2020.08.31-22.31.16:632][  0]LogAudioMixer: Display: Using Audio Device Altavoces (2- Realtek High Definition Audio)
[2020.08.31-22.31.16:637][  0]LogAudioMixer: Display: Initializing Sound Submixes...
[2020.08.31-22.31.16:640][  0]LogAudioMixer: Display: Creating Master Submix 'MasterSubmixDefault'
[2020.08.31-22.31.16:640][  0]LogAudioMixer: Display: Creating Master Submix 'MasterReverbSubmixDefault'
[2020.08.31-22.31.16:642][  0]LogAudioMixer: Display: Creating Master Submix 'MasterEQSubmixDefault'
[2020.08.31-22.31.16:643][  0]LogInit: FAudioDevice initialized.
[2020.08.31-22.31.16:645][  0]LogNetVersion: Set ProjectVersion to 1.0.0.0. Version Checksum will be recalculated on next use.
[2020.08.31-22.31.16:730][  0]LogDerivedDataCache: Saved boot cache 0.09s 75MB C:/Users/jordi/AppData/Local/UnrealEngine/4.25/DerivedDataCache/Boot.ddc.
[2020.08.31-22.31.16:736][  0]LogInit: Texture streaming: Enabled
[2020.08.31-22.31.16:767][  0]LogEngineSessionManager: EngineSessionManager initialized
[2020.08.31-22.31.16:767][  0]LogEditorSessionSummary: Verbose: Initializing EditorSessionSummaryWriter for editor session tracking
[2020.08.31-22.31.16:772][  0]LogEditorSessionSummary: EditorSessionSummaryWriter initialized
[2020.08.31-22.31.16:992][  0]LogInit: Transaction tracking system initialized
[2020.08.31-22.31.17:093][  0]BlueprintLog: New page: Editor Load
[2020.08.31-22.31.17:373][  0]LocalizationService: Localization service is disabled
[2020.08.31-22.31.17:789][  0]LogSlate: Took 0.010702 seconds to synchronously load lazily loaded font '../../../Engine/Content/Slate/Fonts/Roboto-Regular.ttf' (155K)
[2020.08.31-22.31.31:747][  0]LogSlate: Window 'Low drive space warning' being destroyed
[2020.08.31-22.31.31:749][  0]LogWindowsTextInputMethodSystem: Display: IME system now deactivated.
[2020.08.31-22.31.31:752][  0]Message dialog closed, result: Ok, title: Low drive space warning, text: The following drive locations have limited free space.
It is recommended that you free some space to avoid issues such as crashed and data loss due to files not being able to be written and saved.

  1.649 MB Free 		 C:/Program Files (x86)/Epic Games/UE_4.25/Engine/Binaries/Win64/
 				 The base engine directory. 

[2020.08.31-22.31.31:869][  0]LogCook: Display: Max memory allowance for cook 16384mb min free memory 0mb
[2020.08.31-22.31.31:869][  0]LogCook: Display: Mobile HDR setting 1
[2020.08.31-22.31.32:233][  0]LogFileCache: Scanning file cache for directory 'D:/Documents/repos/Games/UE4/UnrealCourse/Bull-Cow-Game/BullCowGame-starter-kit/Content/' took 0.00s
[2020.08.31-22.31.32:534][  0]SourceControl: Source control is disabled
[2020.08.31-22.31.32:535][  0]LogUnrealEdMisc: Loading editor; pre map load, took 102.102
[2020.08.31-22.31.32:537][  0]Cmd: MAP LOAD FILE="D:/Documents/repos/Games/UE4/UnrealCourse/Bull-Cow-Game/BullCowGame-starter-kit/Content/Levels/Level1.umap" TEMPLATE=0 SHOWPROGRESS=1 FEATURELEVEL=3
[2020.08.31-22.31.32:538][  0]LightingResults: New page: Lighting Build
[2020.08.31-22.31.32:545][  0]LogWorld: UWorld::CleanupWorld for Untitled, bSessionEnded=true, bCleanupResources=true
[2020.08.31-22.31.32:546][  0]LogSlate: InvalidateAllWidgets triggered.  All widgets were invalidated
[2020.08.31-22.31.32:547][  0]MapCheck: New page: Map Check
[2020.08.31-22.31.32:547][  0]LightingResults: New page: Lighting Build
[2020.08.31-22.31.32:568][  0]LogAISub: UAISubsystem::~UAISubsystem EnvQueryManager (00000183677EFC00), frame # 0
[2020.08.31-22.31.32:568][  0]LogAISub: UAISubsystem::~UAISubsystem AIPerceptionSystem (00000183677FBB00), frame # 0
[2020.08.31-22.31.32:569][  0]LogUObjectHash: Compacting FUObjectHashTables data took   0.71ms
[2020.08.31-22.31.32:708][  0]LogLinker: Warning: While loading 'D:/Documents/repos/Games/UE4/UnrealCourse/Bull-Cow-Game/BullCowGame-starter-kit/Content/Levels/Level1.umap' failed to load '/Game/Levels/Level1_BuiltData': Can't find file.
[2020.08.31-22.31.32:708][  0]LogLinker: Warning: While loading 'D:/Documents/repos/Games/UE4/UnrealCourse/Bull-Cow-Game/BullCowGame-starter-kit/Content/Levels/Level1.umap' failed to load '/Game/Levels/Level1_BuiltData': Can't find file.
[2020.08.31-22.31.32:761][  0]LogLinker: Warning: While loading 'D:/Documents/repos/Games/UE4/UnrealCourse/Bull-Cow-Game/BullCowGame-starter-kit/Content/Levels/Level1.umap' failed to load '/Game/Levels/Level1_BuiltData': Can't find file.
[2020.08.31-22.31.32:761][  0]LogLinker: Warning: While loading 'D:/Documents/repos/Games/UE4/UnrealCourse/Bull-Cow-Game/BullCowGame-starter-kit/Content/Levels/Level1.umap' failed to load '/Game/Levels/Level1_BuiltData': Can't find file.
[2020.08.31-22.31.32:762][  0]LogLinker: Warning: Failed to load '/Game/Levels/Level1_BuiltData': Can't find file.
[2020.08.31-22.31.32:762][  0]LogLinker: Warning: Failed to load '/Game/Levels/Level1_BuiltData': Can't find file.
[2020.08.31-22.31.32:762][  0]LogLinker: Warning: Failed to load '/Game/Levels/Level1_BuiltData': Can't find file.
[2020.08.31-22.31.32:762][  0]LogLinker: Warning: Failed to load '/Game/Levels/Level1_BuiltData': Can't find file.
[2020.08.31-22.31.32:818][  0]LogTexture: Display: Building textures: VT323-Regular_Font_PageB (G8, 1024X256)
[2020.08.31-22.31.32:818][  0]LogTexture: Display: Building textures: VT323-Regular_Font_PageA (G8, 1024X512)
[2020.08.31-22.31.32:818][  0]LogTexture: Display: Building textures: T_ShapeNormal (BC5, 256X256)
[2020.08.31-22.31.32:819][  0]LogTexture: Display: Building textures: T_Toy_Cow_M (AutoDXT, 1024X1024)
[2020.08.31-22.31.32:819][  0]LogLinker: Warning: While loading 'D:/Documents/repos/Games/UE4/UnrealCourse/Bull-Cow-Game/BullCowGame-starter-kit/Content/Levels/Level1.umap' failed to load '/Game/Levels/Level1_BuiltData': Can't find file.
[2020.08.31-22.31.32:819][  0]LoadErrors: Failed to load /Game/Levels/Level1_BuiltData.Level1_BuiltData Referenced by PersistentLevel
[2020.08.31-22.31.32:819][  0]LogLinker: Warning: While loading 'D:/Documents/repos/Games/UE4/UnrealCourse/Bull-Cow-Game/BullCowGame-starter-kit/Content/Levels/Level1.umap' failed to load '/Game/Levels/Level1_BuiltData': Can't find file.
[2020.08.31-22.31.32:819][  0]LoadErrors: Failed to load /Game/Levels/Level1_BuiltData.Level1_BuiltData Referenced by PersistentLevel
[2020.08.31-22.31.32:839][  0]LogTexture: Display: Building textures: T_Toy_Cow_N (BC5, 1024X1024)
[2020.08.31-22.31.32:839][  0]LogStaticMesh: Building static mesh SM_Toy_Cow...
[2020.08.31-22.31.32:910][  0]LogTexture: Display: Building textures: T_Rock_Cliff_D (AutoDXT, 1024X1024)
[2020.08.31-22.31.32:910][  0]LogTexture: Display: Building textures: T_Bumpy_N (BC5, 1024X1024)
[2020.08.31-22.31.32:910][  0]LogTexture: Display: Building textures: T_Splotches_A (AutoDXT, 2048X2048)
[2020.08.31-22.31.32:910][  0]LogStaticMesh: Built static mesh [0.07s] /Game/Environment/UnrealCow/Meshes/SM_Toy_Cow.SM_Toy_Cow
[2020.08.31-22.31.32:930][  0]LogTexture: Display: Building textures: T_Grass_A (AutoDXT, 2048X2048)
[2020.08.31-22.31.32:930][  0]LogTexture: Display: Building textures: T_Wood_Sheet (AutoDXT, 512X512)
[2020.08.31-22.31.33:116][  0]LogMaterial: Display: Missing cached shader map for material M_Wood_Sheet_Master, compiling. 
[2020.08.31-22.31.33:240][  0]LogMaterial: Display: Missing cached shader map for material M_Wood_Sheet_Master, compiling. 
[2020.08.31-22.31.33:355][  0]LogShaderCompilers: Display: Worker (1/5): shaders left to compile 24
[2020.08.31-22.31.33:355][  0]LogShaderCompilers: Display: Worker (2/5): shaders left to compile 19
[2020.08.31-22.31.33:355][  0]LogShaderCompilers: Display: Worker (3/5): shaders left to compile 14
[2020.08.31-22.31.33:355][  0]LogShaderCompilers: Display: Worker (4/5): shaders left to compile 9
[2020.08.31-22.31.33:355][  0]LogShaderCompilers: Display: Worker (5/5): shaders left to compile 4
[2020.08.31-22.31.33:355][  0]LogStaticMesh: Building static mesh SM_Wood_Fence...
[2020.08.31-22.31.33:357][  0]LogStaticMesh: Built static mesh [0.00s] /Game/Environment/Meshes/SM_Wood_Fence.SM_Wood_Fence
[2020.08.31-22.31.38:317][  0]LogTexture: Display: Building textures: Texture2D_1 (BGRA8, 64X64)
[2020.08.31-22.31.38:317][  0]LogTexture: Display: Building textures: Texture2D_2 (BGRA8, 64X64)
[2020.08.31-22.31.38:317][  0]LogTexture: Display: Building textures: Texture2D_3 (BGRA8, 64X64)
[2020.08.31-22.31.38:317][  0]LogTexture: Display: Building textures: Texture2D_4 (BGRA8, 64X64)
[2020.08.31-22.31.38:317][  0]LogTexture: Display: Building textures: Texture2D_0 (BGRA8, 512X512)
[2020.08.31-22.31.38:317][  0]LogTexture: Display: Building textures: Texture2D_5 (BGRA8, 64X64)
[2020.08.31-22.31.38:317][  0]LogTexture: Display: Building textures: Texture2D_6 (BGRA8, 64X64)
[2020.08.31-22.31.38:317][  0]LogTexture: Display: Building textures: Texture2D_7 (BGRA8, 64X64)
[2020.08.31-22.31.38:317][  0]LogTexture: Display: Building textures: Texture2D_8 (BGRA8, 64X64)
[2020.08.31-22.31.38:317][  0]LogTexture: Display: Building textures: Texture2D_9 (BGRA8, 64X64)
[2020.08.31-22.31.38:317][  0]LogTexture: Display: Building textures: T_BrushStrokes_B (AutoDXT, 2048X2048)
[2020.08.31-22.31.38:317][  0]LogTexture: Display: Building textures: T_BrushStrokes_A (AutoDXT, 2048X2048)
[2020.08.31-22.31.38:317][  0]LogMaterial: Display: Missing cached shader map for material M_Tree_Leaf_Base_Solid, compiling. 
[2020.08.31-22.31.38:343][  0]LogMaterial: Display: Missing cached shader map for material M_Tree_Leaf_Base, compiling. 
[2020.08.31-22.31.38:557][  0]LogStaticMesh: Building static mesh SM_Tree_Type_B_Leaves...
[2020.08.31-22.31.38:619][  0]LogStaticMesh: Built static mesh [0.06s] /Game/Environment/Meshes/SM_Tree_Type_B_Leaves.SM_Tree_Type_B_Leaves
[2020.08.31-22.31.38:638][  0]LogMaterial: Display: Missing cached shader map for material M_Tree_Type_B_Bark, compiling. 
[2020.08.31-22.31.38:731][  0]LogStaticMesh: Building static mesh SM_Tree_Type_B...
[2020.08.31-22.31.38:760][  0]LogStaticMesh: Built static mesh [0.03s] /Game/Environment/Meshes/SM_Tree_Type_B.SM_Tree_Type_B
[2020.08.31-22.31.38:769][  0]LogMaterial: Display: Missing cached shader map for material M_Tree_Bark_A, compiling. 
[2020.08.31-22.31.38:801][  0]LogMaterial: Display: Missing cached shader map for material M_Tree_Background, compiling. 
[2020.08.31-22.31.38:911][  0]LogStaticMesh: Building static mesh SM_Tree_Cluster_A...
[2020.08.31-22.31.38:944][  0]LogStaticMesh: Built static mesh [0.03s] /Game/Environment/Meshes/SM_Tree_Cluster_A.SM_Tree_Cluster_A
[2020.08.31-22.31.38:957][  0]LogMaterial: Display: Missing cached shader map for material M_Stone_Path, compiling. 
[2020.08.31-22.31.39:099][  0]LogStaticMesh: Building static mesh SM_Stone_Path_B...
[2020.08.31-22.31.39:141][  0]LogStaticMesh: Built static mesh [0.04s] /Game/Environment/Meshes/SM_Stone_Path_B.SM_Stone_Path_B
[2020.08.31-22.31.39:155][  0]LogMaterial: Display: Missing cached shader map for material M_Grass_Masked, compiling. 
[2020.08.31-22.31.39:355][  0]LogMaterial: Display: Missing cached shader map for material M_Grass_Masked, compiling. 
[2020.08.31-22.31.39:449][  0]LogStaticMesh: Building static mesh SM_Grass_05...
[2020.08.31-22.31.39:450][  0]LogStaticMesh: Built static mesh [0.00s] /Game/Environment/Meshes/SM_Grass_05.SM_Grass_05
[2020.08.31-22.31.39:452][  0]LogMaterial: Display: Missing cached shader map for material M_Wood_Sheet_Master, compiling. 
[2020.08.31-22.31.39:502][  0]LogStaticMesh: Building static mesh SM_Dock_Pillar...
[2020.08.31-22.31.39:514][  0]LogStaticMesh: Built static mesh [0.01s] /Game/Environment/Meshes/SM_Dock_Pillar.SM_Dock_Pillar
[2020.08.31-22.31.39:521][  0]LogMaterial: Display: Missing cached shader map for material M_Cow, compiling. 
[2020.08.31-22.31.39:549][  0]LogMaterial: Display: Missing cached shader map for material M_Terrain_Ground_A, compiling. 
[2020.08.31-22.31.39:578][  0]LogMaterial: Display: Missing cached shader map for material M_Terrain_Ground_A, compiling. 
[2020.08.31-22.31.39:909][  0]LogMaterial: Display: Missing cached shader map for material M_Terrain_Ground_A, compiling. 
[2020.08.31-22.31.39:969][  0]LogMaterial: Display: Missing cached shader map for material M_Terrain_Ground_A, compiling. 
[2020.08.31-22.31.40:026][  0]LogAIModule: Creating AISystem for world Level1
[2020.08.31-22.31.40:026][  0]LogAISub: UAISubsystem::UAISubsystem EnvQueryManager (0000018308728600), frame # 0
[2020.08.31-22.31.40:026][  0]LogAISub: UAISubsystem::UAISubsystem AIPerceptionSystem (000001830766DBC0), frame # 0
[2020.08.31-22.31.40:157][  0]LogEditorServer: Finished looking for orphan Actors (0.000 secs)
[2020.08.31-22.31.40:206][  0]LogUObjectHash: Compacting FUObjectHashTables data took   1.41ms
[2020.08.31-22.31.40:209][  0]Cmd: MAP CHECKDEP NOCLEARLOG
[2020.08.31-22.31.40:210][  0]MapCheck: Map check complete: 0 Error(s), 0 Warning(s), took 0,782ms to complete.
[2020.08.31-22.31.40:210][  0]LogFileHelpers: Loading map 'Level1' took 7.674
[2020.08.31-22.31.40:301][  0]LogUnrealEdMisc: Total Editor Startup Time, took 109.869
[2020.08.31-22.31.40:377][  0]LogWindowsTextInputMethodSystem: Display: IME system now deactivated.
[2020.08.31-22.31.40:505][  0]LogCollectionManager: Loaded 0 collections in 0.003269 seconds
[2020.08.31-22.31.40:582][  0]LogFileCache: Scanning file cache for directory 'D:/Documents/repos/Games/UE4/UnrealCourse/Bull-Cow-Game/BullCowGame-starter-kit/Saved/Collections/' took 0.00s
[2020.08.31-22.31.40:582][  0]LogFileCache: Scanning file cache for directory 'D:/Documents/repos/Games/UE4/UnrealCourse/Bull-Cow-Game/BullCowGame-starter-kit/Content/Developers/jordi/Collections/' took 0.00s
[2020.08.31-22.31.40:582][  0]LogFileCache: Scanning file cache for directory 'D:/Documents/repos/Games/UE4/UnrealCourse/Bull-Cow-Game/BullCowGame-starter-kit/Content/Collections/' took 0.00s
[2020.08.31-22.31.40:582][  0]LogContentBrowser: Native class hierarchy populated in 0.0297 seconds. Added 3431 classes and 824 folders.
[2020.08.31-22.31.40:601][  0]LogContentBrowser: Native class hierarchy updated for 'WidgetCarousel' in 0.0007 seconds. Added 0 classes and 0 folders.
[2020.08.31-22.31.41:554][  0]LogShaderCompilers: Display: Worker (5/5): shaders left to compile 676
[2020.08.31-22.31.41:554][  0]LogContentBrowser: Native class hierarchy updated for 'AddContentDialog' in 0.0007 seconds. Added 0 classes and 0 folders.
[2020.08.31-22.31.41:668][  0]LogSlate: Updating window title bar state: overlay mode, drag disabled, window buttons hidden, title bar hidden
[2020.08.31-22.31.41:689][  0]LogSlate: Updating window title bar state: overlay mode, drag disabled, window buttons hidden, title bar hidden
[2020.08.31-22.31.41:706][  0]LogSlate: Updating window title bar state: overlay mode, drag disabled, window buttons hidden, title bar hidden
[2020.08.31-22.31.41:723][  0]LogSlate: Updating window title bar state: overlay mode, drag disabled, window buttons hidden, title bar hidden
[2020.08.31-22.31.41:734][  0]LogContentBrowser: Native class hierarchy updated for 'SceneOutliner' in 0.0007 seconds. Added 2 classes and 0 folders.
[2020.08.31-22.31.41:935][  0]LogSlate: Took 0.011871 seconds to synchronously load lazily loaded font '../../../Engine/Content/Slate/Fonts/Roboto-Bold.ttf' (160K)
[2020.08.31-22.31.41:951][  0]LogSlate: Took 0.011687 seconds to synchronously load lazily loaded font '../../../Engine/Content/Editor/Slate/Fonts/FontAwesome.ttf' (139K)
[2020.08.31-22.31.42:155][  0]LogRenderer: Reallocating scene render targets to support 924x704 Format 10 NumSamples 1 (Frame:1).
[2020.08.31-22.31.43:091][  0]LogContentBrowser: Native class hierarchy updated for 'HierarchicalLODOutliner' in 0.0022 seconds. Added 0 classes and 0 folders.
[2020.08.31-22.31.43:091][  0]LogLoad: (Engine Initialization) Total time: 112.66 seconds
[2020.08.31-22.31.43:091][  0]LogLoad: (Engine Initialization) Total Blueprint compile time: 0.00 seconds
[2020.08.31-22.31.43:286][  0]LogContentStreaming: Texture pool size now 1000 MB
[2020.08.31-22.31.43:413][  0]LogSlate: Took 0.013690 seconds to synchronously load lazily loaded font '../../../Engine/Content/Slate/Fonts/DroidSansMono.ttf' (77K)
[2020.08.31-22.31.43:434][  1]LogFileCache: Retrieving MD5 hashes for directory 'D:/Documents/repos/Games/UE4/UnrealCourse/Bull-Cow-Game/BullCowGame-starter-kit/Content/' took 0.30s
[2020.08.31-22.31.43:444][  1]LogAssetRegistry: Asset discovery search completed in 32.9622 seconds
[2020.08.31-22.31.43:456][  1]LogCollectionManager: Fixed up redirectors for 0 collections in 0.000004 seconds (updated 0 objects)
[2020.08.31-22.31.44:507][ 20]LogShaderCompilers: Display: Worker (4/5): shaders left to compile 666
[2020.08.31-22.31.44:723][ 24]LogShaderCompilers: Display: Worker (3/5): shaders left to compile 656
[2020.08.31-22.31.44:858][ 33]LogShaderCompilers: Display: Worker (2/5): shaders left to compile 646
[2020.08.31-22.31.45:795][ 87]LogShaderCompilers: Display: Worker (1/5): shaders left to compile 636
[2020.08.31-22.31.51:085][402]LogShaderCompilers: Display: Worker (1/5): shaders left to compile 626
[2020.08.31-22.31.51:453][424]LogShaderCompilers: Display: Worker (4/5): shaders left to compile 616
[2020.08.31-22.31.51:774][443]LogShaderCompilers: Display: Worker (3/5): shaders left to compile 606
[2020.08.31-22.31.52:807][504]LogShaderCompilers: Display: Worker (2/5): shaders left to compile 596
[2020.08.31-22.31.58:194][725]LogShaderCompilers: Display: Worker (1/5): shaders left to compile 586
[2020.08.31-22.31.58:512][730]LogShaderCompilers: Display: Worker (4/5): shaders left to compile 576
[2020.08.31-22.31.59:546][768]LogShaderCompilers: Display: Worker (3/5): shaders left to compile 566
[2020.08.31-22.32.01:258][853]LogShaderCompilers: Display: Worker (2/5): shaders left to compile 556
[2020.08.31-22.32.04:795][ 37]LogShaderCompilers: Display: Worker (4/5): shaders left to compile 546
[2020.08.31-22.32.06:425][112]LogShaderCompilers: Display: Worker (1/5): shaders left to compile 536
[2020.08.31-22.32.06:499][113]LogShaderCompilers: Display: Worker (3/5): shaders left to compile 526
[2020.08.31-22.32.07:961][159]LogShaderCompilers: Display: Worker (2/5): shaders left to compile 516
[2020.08.31-22.32.11:605][334]LogShaderCompilers: Display: Worker (4/5): shaders left to compile 506
[2020.08.31-22.32.14:604][489]LogShaderCompilers: Display: Worker (2/5): shaders left to compile 496
[2020.08.31-22.32.14:767][498]LogShaderCompilers: Display: Worker (1/5): shaders left to compile 486
[2020.08.31-22.32.16:430][578]LogShaderCompilers: Display: Worker (3/5): shaders left to compile 476
[2020.08.31-22.32.20:655][801]LogShaderCompilers: Display: Worker (4/5): shaders left to compile 466
[2020.08.31-22.32.21:210][829]LogShaderCompilers: Display: Worker (1/5): shaders left to compile 456
[2020.08.31-22.32.21:912][865]LogShaderCompilers: Display: Worker (2/5): shaders left to compile 446
[2020.08.31-22.32.23:991][970]LogShaderCompilers: Display: Worker (3/5): shaders left to compile 436
[2020.08.31-22.32.27:417][127]LogShaderCompilers: Display: Worker (4/5): shaders left to compile 426
[2020.08.31-22.32.28:984][187]LogShaderCompilers: Display: Worker (1/5): shaders left to compile 416
[2020.08.31-22.32.29:157][192]LogShaderCompilers: Display: Worker (2/5): shaders left to compile 406
[2020.08.31-22.32.33:852][433]LogShaderCompilers: Display: Worker (3/5): shaders left to compile 396
[2020.08.31-22.32.35:114][473]LogShaderCompilers: Display: Worker (1/5): shaders left to compile 386
[2020.08.31-22.32.36:259][534]LogShaderCompilers: Display: Worker (4/5): shaders left to compile 376
[2020.08.31-22.32.39:699][711]LogShaderCompilers: Display: Worker (2/5): shaders left to compile 366
[2020.08.31-22.32.40:503][753]LogShaderCompilers: Display: Worker (3/5): shaders left to compile 356
[2020.08.31-22.32.44:585][949]LogShaderCompilers: Display: Worker (4/5): shaders left to compile 346
[2020.08.31-22.32.44:612][950]LogShaderCompilers: Display: Worker (1/5): shaders left to compile 336
[2020.08.31-22.32.48:873][155]LogShaderCompilers: Display: Worker (2/5): shaders left to compile 326
[2020.08.31-22.32.52:062][304]LogShaderCompilers: Display: Worker (3/5): shaders left to compile 316
[2020.08.31-22.32.52:955][341]LogShaderCompilers: Display: Worker (1/5): shaders left to compile 306
[2020.08.31-22.32.59:624][628]LogShaderCompilers: Display: Worker (4/5): shaders left to compile 296
[2020.08.31-22.33.01:970][726]LogShaderCompilers: Display: Worker (3/5): shaders left to compile 286
[2020.08.31-22.33.02:950][766]LogShaderCompilers: Display: Worker (1/5): shaders left to compile 276
[2020.08.31-22.33.03:415][783]LogShaderCompilers: Display: Worker (2/5): shaders left to compile 266
[2020.08.31-22.33.07:069][940]LogShaderCompilers: Display: Worker (4/5): shaders left to compile 256
[2020.08.31-22.33.09:872][ 88]LogShaderCompilers: Display: Worker (1/5): shaders left to compile 246
[2020.08.31-22.33.10:036][ 96]LogShaderCompilers: Display: Worker (3/5): shaders left to compile 236
[2020.08.31-22.33.12:951][220]LogShaderCompilers: Display: Worker (4/5): shaders left to compile 226
[2020.08.31-22.33.13:282][232]LogShaderCompilers: Display: Worker (2/5): shaders left to compile 216
[2020.08.31-22.33.17:899][462]LogShaderCompilers: Display: Worker (1/5): shaders left to compile 206
[2020.08.31-22.33.19:916][571]LogShaderCompilers: Display: Worker (3/5): shaders left to compile 196
[2020.08.31-22.33.20:813][622]LogShaderCompilers: Display: Worker (4/5): shaders left to compile 186
[2020.08.31-22.33.21:604][657]LogShaderCompilers: Display: Worker (2/5): shaders left to compile 176
[2020.08.31-22.33.26:225][901]LogShaderCompilers: Display: Worker (1/5): shaders left to compile 166
[2020.08.31-22.33.27:838][973]LogShaderCompilers: Display: Worker (4/5): shaders left to compile 156
[2020.08.31-22.33.29:225][ 30]LogShaderCompilers: Display: Worker (2/5): shaders left to compile 146
[2020.08.31-22.33.30:669][102]LogShaderCompilers: Display: Worker (3/5): shaders left to compile 136
[2020.08.31-22.33.32:742][207]LogShaderCompilers: Display: Worker (1/5): shaders left to compile 126
[2020.08.31-22.33.35:000][302]LogShaderCompilers: Display: Worker (2/5): shaders left to compile 116
[2020.08.31-22.33.36:213][350]LogShaderCompilers: Display: Worker (4/5): shaders left to compile 106
[2020.08.31-22.33.39:339][485]LogShaderCompilers: Display: Worker (3/5): shaders left to compile 96
[2020.08.31-22.33.40:086][504]LogShaderCompilers: Display: Worker (1/5): shaders left to compile 86
[2020.08.31-22.33.42:107][599]LogShaderCompilers: Display: Worker (2/5): shaders left to compile 76
[2020.08.31-22.33.44:821][733]LogShaderCompilers: Display: Worker (3/5): shaders left to compile 66
[2020.08.31-22.33.45:807][766]LogShaderCompilers: Display: Worker (4/5): shaders left to compile 56
[2020.08.31-22.33.47:283][826]LogShaderCompilers: Display: Worker (1/5): shaders left to compile 46
[2020.08.31-22.33.48:941][917]LogShaderCompilers: Display: Worker (2/5): shaders left to compile 36
[2020.08.31-22.33.52:040][ 73]LogShaderCompilers: Display: Worker (4/5): shaders left to compile 26
[2020.08.31-22.33.52:321][ 87]LogShaderCompilers: Display: Worker (3/5): shaders left to compile 19
[2020.08.31-22.33.54:403][165]LogShaderCompilers: Display: Worker (1/5): shaders left to compile 14
[2020.08.31-22.33.56:129][258]LogShaderCompilers: Display: Worker (3/5): shaders left to compile 10
[2020.08.31-22.33.56:364][270]LogShaderCompilers: Display: Worker (2/5): shaders left to compile 7
[2020.08.31-22.33.57:122][312]LogShaderCompilers: Display: Worker (1/5): shaders left to compile 5
[2020.08.31-22.33.57:138][313]LogShaderCompilers: Display: Worker (4/5): shaders left to compile 3
[2020.08.31-22.33.57:605][333]LogShaderCompilers: Display: Worker (2/5): shaders left to compile 2
[2020.08.31-22.33.57:682][338]LogShaderCompilers: Display: Worker (4/5): shaders left to compile 1
[2020.08.31-22.34.31:114][772]LogTemp: Repeating last play command: Selected Viewport
[2020.08.31-22.34.31:128][772]LogPlayLevel: PlayLevel: No blueprints needed recompiling
[2020.08.31-22.34.31:147][772]PIE: New page: PIE session: Level1 (31-08-2020 14:34:31)
[2020.08.31-22.34.31:157][772]LogOnline: OSS: Creating online subsystem instance for: NULL
[2020.08.31-22.34.31:160][772]LogOnline: OSS: TryLoadSubsystemAndSetDefault: Loaded subsystem for module [NULL]
[2020.08.31-22.34.31:163][772]LogPlayLevel: Creating play world package: /Game/Levels/UEDPIE_0_Level1
[2020.08.31-22.34.31:463][772]LogPlayLevel: PIE: StaticDuplicateObject took: (0.300043s)
[2020.08.31-22.34.31:470][772]LogAIModule: Creating AISystem for world Level1
[2020.08.31-22.34.31:470][772]LogAISub: UAISubsystem::UAISubsystem EnvQueryManager (00000183084C3E00), frame # 6772
[2020.08.31-22.34.31:470][772]LogAISub: UAISubsystem::UAISubsystem AIPerceptionSystem (000001830287DA80), frame # 6772
[2020.08.31-22.34.31:470][772]LogPlayLevel: PIE: World Init took: (0.007012s)
[2020.08.31-22.34.31:471][772]LogPlayLevel: PIE: Created PIE world by copying editor world from /Game/Levels/Level1.Level1 to /Game/Levels/UEDPIE_0_Level1.Level1 (0.307730s)
[2020.08.31-22.34.31:482][772]LogUObjectHash: Compacting FUObjectHashTables data took   0.74ms
[2020.08.31-22.34.31:486][772]LogAudioMixer: Display: Audio Mixer Platform Settings:
[2020.08.31-22.34.31:486][772]LogAudioMixer: Display: 	Sample Rate:						  48000
[2020.08.31-22.34.31:486][772]LogAudioMixer: Display: 	Callback Buffer Frame Size Requested: 1024
[2020.08.31-22.34.31:486][772]LogAudioMixer: Display: 	Callback Buffer Frame Size To Use:	  1024
[2020.08.31-22.34.31:486][772]LogAudioMixer: Display: 	Number of buffers to queue:			  2
[2020.08.31-22.34.31:486][772]LogAudioMixer: Display: 	Max Channels (voices):				  32
[2020.08.31-22.34.31:486][772]LogAudioMixer: Display: 	Number of Async Source Workers:		  0
[2020.08.31-22.34.31:486][772]LogAudio: Display: AudioDevice MaxSources: 32
[2020.08.31-22.34.31:486][772]LogAudio: Display: Using built-in audio occlusion.
[2020.08.31-22.34.31:487][772]LogAudioMixer: Display: Initializing audio mixer.
[2020.08.31-22.34.31:492][772]LogAudioMixer: Display: 0: FrontLeft
[2020.08.31-22.34.31:492][772]LogAudioMixer: Display: 1: FrontRight
[2020.08.31-22.34.31:623][772]LogAudioMixer: Display: Using Audio Device Altavoces (2- Realtek High Definition Audio)
[2020.08.31-22.34.31:623][772]LogAudioMixer: Display: Initializing Sound Submixes...
[2020.08.31-22.34.31:624][772]LogAudioMixer: Display: Creating Master Submix 'MasterSubmixDefault'
[2020.08.31-22.34.31:624][772]LogAudioMixer: Display: Creating Master Submix 'MasterReverbSubmixDefault'
[2020.08.31-22.34.31:625][772]LogAudioMixer: Display: Creating Master Submix 'MasterEQSubmixDefault'
[2020.08.31-22.34.31:643][772]LogInit: FAudioDevice initialized.
[2020.08.31-22.34.31:663][772]LogLoad: Game class is 'GameModeBase'
[2020.08.31-22.34.31:676][772]LogWorld: Bringing World /Game/Levels/UEDPIE_0_Level1.Level1 up for play (max tick rate 60) at 2020.08.31-18.34.31
[2020.08.31-22.34.31:678][772]LogWorld: Bringing up level for play took: 0.005350
[2020.08.31-22.34.31:679][772]LogOnline: OSS: Creating online subsystem instance for: :Context_2
[2020.08.31-22.34.31:702][772]LogContentBrowser: Native class hierarchy updated for 'MovieSceneCapture' in 0.0015 seconds. Added 20 classes and 0 folders.
[2020.08.31-22.34.31:767][772]PIE: Server logged in
[2020.08.31-22.34.31:777][772]PIE: Play in editor total start time 0,656 seconds.
[2020.08.31-22.34.52:154][985]LogSlate: Updating window title bar state: overlay mode, drag disabled, window buttons hidden, title bar hidden
[2020.08.31-22.34.52:154][985]LogWorld: BeginTearingDown for /Game/Levels/UEDPIE_0_Level1
[2020.08.31-22.34.52:156][985]LogWorld: UWorld::CleanupWorld for Level1, bSessionEnded=true, bCleanupResources=true
[2020.08.31-22.34.52:157][985]LogSlate: InvalidateAllWidgets triggered.  All widgets were invalidated
[2020.08.31-22.34.52:172][985]LogPlayLevel: Display: Shutting down PIE online subsystems
[2020.08.31-22.34.52:175][985]LogSlate: InvalidateAllWidgets triggered.  All widgets were invalidated
[2020.08.31-22.34.52:217][985]LogSlate: Updating window title bar state: overlay mode, drag disabled, window buttons hidden, title bar hidden
[2020.08.31-22.34.52:225][985]LogAISub: UAISubsystem::~UAISubsystem EnvQueryManager (00000183084C3E00), frame # 7985
[2020.08.31-22.34.52:225][985]LogAISub: UAISubsystem::~UAISubsystem AIPerceptionSystem (000001830287DA80), frame # 7985
[2020.08.31-22.34.52:227][985]LogUObjectHash: Compacting FUObjectHashTables data took   0.69ms
[2020.08.31-22.34.52:257][986]LogPlayLevel: Display: Destroying online subsystem :Context_2
